Skipping figures/Chapter5/predictions/Naive/ARG_SP.DYN.LE00.IN.csv, already exists.
Skipping figures/Chapter5/predictions/Naive/ARG_SP.URB.TOTL.IN.ZS.csv, already exists.
Skipping figures/Chapter5/predictions/Naive/ARG_NV.AGR.TOTL.ZS.csv, already exists.
Skipping figures/Chapter5/predictions/Naive/ARG_EG.USE.PCAP.KG.OE.csv, already exists.
Skipping figures/Chapter5/predictions/Naive/ARG_FS.AST.PRVT.GD.ZS.csv, already exists.
Skipping figures/Chapter5/predictions/Naive/ARG_NE.IMP.GNFS.ZS.csv, already exists.
Skipping figures/Chapter5/predictions/Naive/ARG_NY.GDP.MKTP.CD.csv, already exists.
Skipping figures/Chapter5/predictions/Naive/ARG_NE.EXP.GNFS.ZS.csv, already exists.
Skipping figures/Chapter5/predictions/Naive/ARG_NY.GDP.MKTP.KD.ZG.csv, already exists.
Skipping figures/Chapter5/predictions/Naive/ARG_EN.ATM.GHGT.KT.CE.csv, already exists.
Skipping figures/Chapter5/predictions/Naive/AUS_SP.DYN.LE00.IN.csv, already exists.
Skipping figures/Chapter5/predictions/Naive/AUS_SP.URB.TOTL.IN.ZS.csv, already exists.
Skipping figures/Chapter5/predictions/Naive/AUS_NV.AGR.TOTL.ZS.csv, already exists.
Skipping figures/Chapter5/predictions/Naive/AUS_EG.USE.PCAP.KG.OE.csv, already exists.
Skipping figures/Chapter5/predictions/Naive/AUS_FS.AST.PRVT.GD.ZS.csv, already exists.
Skipping figures/Chapter5/predictions/Naive/AUS_NE.IMP.GNFS.ZS.csv, already exists.
Skipping figures/Chapter5/predictions/Naive/AUS_NY.GDP.MKTP.CD.csv, already exists.
Skipping figures/Chapter5/predictions/Naive/AUS_NE.EXP.GNFS.ZS.csv, already exists.
Skipping figures/Chapter5/predictions/Naive/AUS_NY.GDP.MKTP.KD.ZG.csv, already exists.
Skipping figures/Chapter5/predictions/Naive/AUS_EN.ATM.GHGT.KT.CE.csv, already exists.
Skipping figures/Chapter5/predictions/Naive/BRA_SP.DYN.LE00.IN.csv, already exists.
Skipping figures/Chapter5/predictions/Naive/BRA_SP.URB.TOTL.IN.ZS.csv, already exists.
Skipping figures/Chapter5/predictions/Naive/BRA_NV.AGR.TOTL.ZS.csv, already exists.
Skipping figures/Chapter5/predictions/Naive/BRA_EG.USE.PCAP.KG.OE.csv, already exists.
Skipping figures/Chapter5/predictions/Naive/BRA_FS.AST.PRVT.GD.ZS.csv, already exists.
Skipping figures/Chapter5/predictions/Naive/BRA_NE.IMP.GNFS.ZS.csv, already exists.
Skipping figures/Chapter5/predictions/Naive/BRA_NY.GDP.MKTP.CD.csv, already exists.
Skipping figures/Chapter5/predictions/Naive/BRA_NE.EXP.GNFS.ZS.csv, already exists.
Skipping figures/Chapter5/predictions/Naive/BRA_NY.GDP.MKTP.KD.ZG.csv, already exists.
Skipping figures/Chapter5/predictions/Naive/BRA_EN.ATM.GHGT.KT.CE.csv, already exists.
Skipping figures/Chapter5/predictions/Naive/CAN_SP.DYN.LE00.IN.csv, already exists.
Skipping figures/Chapter5/predictions/Naive/CAN_SP.URB.TOTL.IN.ZS.csv, already exists.
Skipping figures/Chapter5/predictions/Naive/CAN_NV.AGR.TOTL.ZS.csv, already exists.
Skipping figures/Chapter5/predictions/Naive/CAN_EG.USE.PCAP.KG.OE.csv, already exists.
Skipping figures/Chapter5/predictions/Naive/CAN_FS.AST.PRVT.GD.ZS.csv, already exists.
Skipping figures/Chapter5/predictions/Naive/CAN_NE.IMP.GNFS.ZS.csv, already exists.
Skipping figures/Chapter5/predictions/Naive/CAN_NY.GDP.MKTP.CD.csv, already exists.
Skipping figures/Chapter5/predictions/Naive/CAN_NE.EXP.GNFS.ZS.csv, already exists.
Skipping figures/Chapter5/predictions/Naive/CAN_NY.GDP.MKTP.KD.ZG.csv, already exists.
Skipping figures/Chapter5/predictions/Naive/CAN_EN.ATM.GHGT.KT.CE.csv, already exists.
Skipping figures/Chapter5/predictions/Naive/CHN_SP.DYN.LE00.IN.csv, already exists.
Skipping figures/Chapter5/predictions/Naive/CHN_SP.URB.TOTL.IN.ZS.csv, already exists.
Skipping figures/Chapter5/predictions/Naive/CHN_NV.AGR.TOTL.ZS.csv, already exists.
Skipping figures/Chapter5/predictions/Naive/CHN_EG.USE.PCAP.KG.OE.csv, already exists.
Skipping figures/Chapter5/predictions/Naive/CHN_FS.AST.PRVT.GD.ZS.csv, already exists.
Skipping figures/Chapter5/predictions/Naive/CHN_NE.IMP.GNFS.ZS.csv, already exists.
Skipping figures/Chapter5/predictions/Naive/CHN_NY.GDP.MKTP.CD.csv, already exists.
Skipping figures/Chapter5/predictions/Naive/CHN_NE.EXP.GNFS.ZS.csv, already exists.
Skipping figures/Chapter5/predictions/Naive/CHN_NY.GDP.MKTP.KD.ZG.csv, already exists.
Skipping figures/Chapter5/predictions/Naive/CHN_EN.ATM.GHGT.KT.CE.csv, already exists.
Skipping figures/Chapter5/predictions/Naive/DEU_SP.DYN.LE00.IN.csv, already exists.
Skipping figures/Chapter5/predictions/Naive/DEU_SP.URB.TOTL.IN.ZS.csv, already exists.
Skipping figures/Chapter5/predictions/Naive/DEU_NV.AGR.TOTL.ZS.csv, already exists.
Skipping figures/Chapter5/predictions/Naive/DEU_EG.USE.PCAP.KG.OE.csv, already exists.
Skipping figures/Chapter5/predictions/Naive/DEU_FS.AST.PRVT.GD.ZS.csv, already exists.
Skipping figures/Chapter5/predictions/Naive/DEU_NE.IMP.GNFS.ZS.csv, already exists.
Skipping figures/Chapter5/predictions/Naive/DEU_NY.GDP.MKTP.CD.csv, already exists.
Skipping figures/Chapter5/predictions/Naive/DEU_NE.EXP.GNFS.ZS.csv, already exists.
Skipping figures/Chapter5/predictions/Naive/DEU_NY.GDP.MKTP.KD.ZG.csv, already exists.
Skipping figures/Chapter5/predictions/Naive/DEU_EN.ATM.GHGT.KT.CE.csv, already exists.
Skipping figures/Chapter5/predictions/Naive/EUU_SP.DYN.LE00.IN.csv, already exists.
Skipping figures/Chapter5/predictions/Naive/EUU_SP.URB.TOTL.IN.ZS.csv, already exists.
Skipping figures/Chapter5/predictions/Naive/EUU_NV.AGR.TOTL.ZS.csv, already exists.
Skipping figures/Chapter5/predictions/Naive/EUU_EG.USE.PCAP.KG.OE.csv, already exists.
Skipping figures/Chapter5/predictions/Naive/EUU_FS.AST.PRVT.GD.ZS.csv, already exists.
Skipping figures/Chapter5/predictions/Naive/EUU_NE.IMP.GNFS.ZS.csv, already exists.
Skipping figures/Chapter5/predictions/Naive/EUU_NY.GDP.MKTP.CD.csv, already exists.
Skipping figures/Chapter5/predictions/Naive/EUU_NE.EXP.GNFS.ZS.csv, already exists.
Skipping figures/Chapter5/predictions/Naive/EUU_NY.GDP.MKTP.KD.ZG.csv, already exists.
Skipping figures/Chapter5/predictions/Naive/EUU_EN.ATM.GHGT.KT.CE.csv, already exists.
Skipping figures/Chapter5/predictions/Naive/FRA_SP.DYN.LE00.IN.csv, already exists.
Skipping figures/Chapter5/predictions/Naive/FRA_SP.URB.TOTL.IN.ZS.csv, already exists.
Skipping figures/Chapter5/predictions/Naive/FRA_NV.AGR.TOTL.ZS.csv, already exists.
Skipping figures/Chapter5/predictions/Naive/FRA_EG.USE.PCAP.KG.OE.csv, already exists.
Skipping figures/Chapter5/predictions/Naive/FRA_FS.AST.PRVT.GD.ZS.csv, already exists.
Skipping figures/Chapter5/predictions/Naive/FRA_NE.IMP.GNFS.ZS.csv, already exists.
Skipping figures/Chapter5/predictions/Naive/FRA_NY.GDP.MKTP.CD.csv, already exists.
Skipping figures/Chapter5/predictions/Naive/FRA_NE.EXP.GNFS.ZS.csv, already exists.
Skipping figures/Chapter5/predictions/Naive/FRA_NY.GDP.MKTP.KD.ZG.csv, already exists.
Skipping figures/Chapter5/predictions/Naive/FRA_EN.ATM.GHGT.KT.CE.csv, already exists.
Skipping figures/Chapter5/predictions/Naive/GBR_SP.DYN.LE00.IN.csv, already exists.
Skipping figures/Chapter5/predictions/Naive/GBR_SP.URB.TOTL.IN.ZS.csv, already exists.
Skipping figures/Chapter5/predictions/Naive/GBR_NV.AGR.TOTL.ZS.csv, already exists.
Skipping figures/Chapter5/predictions/Naive/GBR_EG.USE.PCAP.KG.OE.csv, already exists.
Skipping figures/Chapter5/predictions/Naive/GBR_FS.AST.PRVT.GD.ZS.csv, already exists.
Skipping figures/Chapter5/predictions/Naive/GBR_NE.IMP.GNFS.ZS.csv, already exists.
Skipping figures/Chapter5/predictions/Naive/GBR_NY.GDP.MKTP.CD.csv, already exists.
Skipping figures/Chapter5/predictions/Naive/GBR_NE.EXP.GNFS.ZS.csv, already exists.
Skipping figures/Chapter5/predictions/Naive/GBR_NY.GDP.MKTP.KD.ZG.csv, already exists.
Skipping figures/Chapter5/predictions/Naive/GBR_EN.ATM.GHGT.KT.CE.csv, already exists.
Skipping figures/Chapter5/predictions/Naive/IDN_SP.DYN.LE00.IN.csv, already exists.
Skipping figures/Chapter5/predictions/Naive/IDN_SP.URB.TOTL.IN.ZS.csv, already exists.
Skipping figures/Chapter5/predictions/Naive/IDN_NV.AGR.TOTL.ZS.csv, already exists.
Skipping figures/Chapter5/predictions/Naive/IDN_EG.USE.PCAP.KG.OE.csv, already exists.
Skipping figures/Chapter5/predictions/Naive/IDN_FS.AST.PRVT.GD.ZS.csv, already exists.
Skipping figures/Chapter5/predictions/Naive/IDN_NE.IMP.GNFS.ZS.csv, already exists.
Skipping figures/Chapter5/predictions/Naive/IDN_NY.GDP.MKTP.CD.csv, already exists.
Skipping figures/Chapter5/predictions/Naive/IDN_NE.EXP.GNFS.ZS.csv, already exists.
Skipping figures/Chapter5/predictions/Naive/IDN_NY.GDP.MKTP.KD.ZG.csv, already exists.
Skipping figures/Chapter5/predictions/Naive/IDN_EN.ATM.GHGT.KT.CE.csv, already exists.
Skipping figures/Chapter5/predictions/Naive/IND_SP.DYN.LE00.IN.csv, already exists.
Skipping figures/Chapter5/predictions/Naive/IND_SP.URB.TOTL.IN.ZS.csv, already exists.
Skipping figures/Chapter5/predictions/Naive/IND_NV.AGR.TOTL.ZS.csv, already exists.
Skipping figures/Chapter5/predictions/Naive/IND_EG.USE.PCAP.KG.OE.csv, already exists.
Skipping figures/Chapter5/predictions/Naive/IND_FS.AST.PRVT.GD.ZS.csv, already exists.
Skipping figures/Chapter5/predictions/Naive/IND_NE.IMP.GNFS.ZS.csv, already exists.
Skipping figures/Chapter5/predictions/Naive/IND_NY.GDP.MKTP.CD.csv, already exists.
Skipping figures/Chapter5/predictions/Naive/IND_NE.EXP.GNFS.ZS.csv, already exists.
Skipping figures/Chapter5/predictions/Naive/IND_NY.GDP.MKTP.KD.ZG.csv, already exists.
Skipping figures/Chapter5/predictions/Naive/IND_EN.ATM.GHGT.KT.CE.csv, already exists.
Skipping figures/Chapter5/predictions/Naive/ITA_SP.DYN.LE00.IN.csv, already exists.
Skipping figures/Chapter5/predictions/Naive/ITA_SP.URB.TOTL.IN.ZS.csv, already exists.
Skipping figures/Chapter5/predictions/Naive/ITA_NV.AGR.TOTL.ZS.csv, already exists.
Skipping figures/Chapter5/predictions/Naive/ITA_EG.USE.PCAP.KG.OE.csv, already exists.
Skipping figures/Chapter5/predictions/Naive/ITA_FS.AST.PRVT.GD.ZS.csv, already exists.
Skipping figures/Chapter5/predictions/Naive/ITA_NE.IMP.GNFS.ZS.csv, already exists.
Skipping figures/Chapter5/predictions/Naive/ITA_NY.GDP.MKTP.CD.csv, already exists.
Skipping figures/Chapter5/predictions/Naive/ITA_NE.EXP.GNFS.ZS.csv, already exists.
Skipping figures/Chapter5/predictions/Naive/ITA_NY.GDP.MKTP.KD.ZG.csv, already exists.
Skipping figures/Chapter5/predictions/Naive/ITA_EN.ATM.GHGT.KT.CE.csv, already exists.
Skipping figures/Chapter5/predictions/Naive/JPN_SP.DYN.LE00.IN.csv, already exists.
Skipping figures/Chapter5/predictions/Naive/JPN_SP.URB.TOTL.IN.ZS.csv, already exists.
Skipping figures/Chapter5/predictions/Naive/JPN_NV.AGR.TOTL.ZS.csv, already exists.
Skipping figures/Chapter5/predictions/Naive/JPN_EG.USE.PCAP.KG.OE.csv, already exists.
Skipping figures/Chapter5/predictions/Naive/JPN_FS.AST.PRVT.GD.ZS.csv, already exists.
Skipping figures/Chapter5/predictions/Naive/JPN_NE.IMP.GNFS.ZS.csv, already exists.
Skipping figures/Chapter5/predictions/Naive/JPN_NY.GDP.MKTP.CD.csv, already exists.
Skipping figures/Chapter5/predictions/Naive/JPN_NE.EXP.GNFS.ZS.csv, already exists.
Skipping figures/Chapter5/predictions/Naive/JPN_NY.GDP.MKTP.KD.ZG.csv, already exists.
Skipping figures/Chapter5/predictions/Naive/JPN_EN.ATM.GHGT.KT.CE.csv, already exists.
Skipping figures/Chapter5/predictions/Naive/KOR_SP.DYN.LE00.IN.csv, already exists.
Skipping figures/Chapter5/predictions/Naive/KOR_SP.URB.TOTL.IN.ZS.csv, already exists.
Skipping figures/Chapter5/predictions/Naive/KOR_NV.AGR.TOTL.ZS.csv, already exists.
Skipping figures/Chapter5/predictions/Naive/KOR_EG.USE.PCAP.KG.OE.csv, already exists.
Skipping figures/Chapter5/predictions/Naive/KOR_FS.AST.PRVT.GD.ZS.csv, already exists.
Skipping figures/Chapter5/predictions/Naive/KOR_NE.IMP.GNFS.ZS.csv, already exists.
Skipping figures/Chapter5/predictions/Naive/KOR_NY.GDP.MKTP.CD.csv, already exists.
Skipping figures/Chapter5/predictions/Naive/KOR_NE.EXP.GNFS.ZS.csv, already exists.
Skipping figures/Chapter5/predictions/Naive/KOR_NY.GDP.MKTP.KD.ZG.csv, already exists.
Skipping figures/Chapter5/predictions/Naive/KOR_EN.ATM.GHGT.KT.CE.csv, already exists.
Skipping figures/Chapter5/predictions/Naive/MEX_SP.DYN.LE00.IN.csv, already exists.
Skipping figures/Chapter5/predictions/Naive/MEX_SP.URB.TOTL.IN.ZS.csv, already exists.
Skipping figures/Chapter5/predictions/Naive/MEX_NV.AGR.TOTL.ZS.csv, already exists.
Skipping figures/Chapter5/predictions/Naive/MEX_EG.USE.PCAP.KG.OE.csv, already exists.
Skipping figures/Chapter5/predictions/Naive/MEX_FS.AST.PRVT.GD.ZS.csv, already exists.
Skipping figures/Chapter5/predictions/Naive/MEX_NE.IMP.GNFS.ZS.csv, already exists.
Skipping figures/Chapter5/predictions/Naive/MEX_NY.GDP.MKTP.CD.csv, already exists.
Skipping figures/Chapter5/predictions/Naive/MEX_NE.EXP.GNFS.ZS.csv, already exists.
Skipping figures/Chapter5/predictions/Naive/MEX_NY.GDP.MKTP.KD.ZG.csv, already exists.
Skipping figures/Chapter5/predictions/Naive/MEX_EN.ATM.GHGT.KT.CE.csv, already exists.
Skipping figures/Chapter5/predictions/Naive/RUS_SP.DYN.LE00.IN.csv, already exists.
Skipping figures/Chapter5/predictions/Naive/RUS_SP.URB.TOTL.IN.ZS.csv, already exists.
Skipping figures/Chapter5/predictions/Naive/RUS_NV.AGR.TOTL.ZS.csv, already exists.
Skipping figures/Chapter5/predictions/Naive/RUS_EG.USE.PCAP.KG.OE.csv, already exists.
Skipping figures/Chapter5/predictions/Naive/RUS_FS.AST.PRVT.GD.ZS.csv, already exists.
Skipping figures/Chapter5/predictions/Naive/RUS_NE.IMP.GNFS.ZS.csv, already exists.
Skipping figures/Chapter5/predictions/Naive/RUS_NY.GDP.MKTP.CD.csv, already exists.
Skipping figures/Chapter5/predictions/Naive/RUS_NE.EXP.GNFS.ZS.csv, already exists.
Skipping figures/Chapter5/predictions/Naive/RUS_NY.GDP.MKTP.KD.ZG.csv, already exists.
Skipping figures/Chapter5/predictions/Naive/RUS_EN.ATM.GHGT.KT.CE.csv, already exists.
Skipping figures/Chapter5/predictions/Naive/SAU_SP.DYN.LE00.IN.csv, already exists.
Skipping figures/Chapter5/predictions/Naive/SAU_SP.URB.TOTL.IN.ZS.csv, already exists.
Skipping figures/Chapter5/predictions/Naive/SAU_NV.AGR.TOTL.ZS.csv, already exists.
Skipping figures/Chapter5/predictions/Naive/SAU_EG.USE.PCAP.KG.OE.csv, already exists.
Skipping figures/Chapter5/predictions/Naive/SAU_FS.AST.PRVT.GD.ZS.csv, already exists.
Skipping figures/Chapter5/predictions/Naive/SAU_NE.IMP.GNFS.ZS.csv, already exists.
Skipping figures/Chapter5/predictions/Naive/SAU_NY.GDP.MKTP.CD.csv, already exists.
Skipping figures/Chapter5/predictions/Naive/SAU_NE.EXP.GNFS.ZS.csv, already exists.
Skipping figures/Chapter5/predictions/Naive/SAU_NY.GDP.MKTP.KD.ZG.csv, already exists.
Skipping figures/Chapter5/predictions/Naive/SAU_EN.ATM.GHGT.KT.CE.csv, already exists.
Skipping figures/Chapter5/predictions/Naive/TUR_SP.DYN.LE00.IN.csv, already exists.
Skipping figures/Chapter5/predictions/Naive/TUR_SP.URB.TOTL.IN.ZS.csv, already exists.
Skipping figures/Chapter5/predictions/Naive/TUR_NV.AGR.TOTL.ZS.csv, already exists.
Skipping figures/Chapter5/predictions/Naive/TUR_EG.USE.PCAP.KG.OE.csv, already exists.
Skipping figures/Chapter5/predictions/Naive/TUR_FS.AST.PRVT.GD.ZS.csv, already exists.
Skipping figures/Chapter5/predictions/Naive/TUR_NE.IMP.GNFS.ZS.csv, already exists.
Skipping figures/Chapter5/predictions/Naive/TUR_NY.GDP.MKTP.CD.csv, already exists.
Skipping figures/Chapter5/predictions/Naive/TUR_NE.EXP.GNFS.ZS.csv, already exists.
Skipping figures/Chapter5/predictions/Naive/TUR_NY.GDP.MKTP.KD.ZG.csv, already exists.
Skipping figures/Chapter5/predictions/Naive/TUR_EN.ATM.GHGT.KT.CE.csv, already exists.
Skipping figures/Chapter5/predictions/Naive/USA_SP.DYN.LE00.IN.csv, already exists.
Skipping figures/Chapter5/predictions/Naive/USA_SP.URB.TOTL.IN.ZS.csv, already exists.
Skipping figures/Chapter5/predictions/Naive/USA_NV.AGR.TOTL.ZS.csv, already exists.
Skipping figures/Chapter5/predictions/Naive/USA_EG.USE.PCAP.KG.OE.csv, already exists.
Skipping figures/Chapter5/predictions/Naive/USA_FS.AST.PRVT.GD.ZS.csv, already exists.
Skipping figures/Chapter5/predictions/Naive/USA_NE.IMP.GNFS.ZS.csv, already exists.
Skipping figures/Chapter5/predictions/Naive/USA_NY.GDP.MKTP.CD.csv, already exists.
Skipping figures/Chapter5/predictions/Naive/USA_NE.EXP.GNFS.ZS.csv, already exists.
Skipping figures/Chapter5/predictions/Naive/USA_NY.GDP.MKTP.KD.ZG.csv, already exists.
Skipping figures/Chapter5/predictions/Naive/USA_EN.ATM.GHGT.KT.CE.csv, already exists.
Skipping figures/Chapter5/predictions/Naive/ZAF_SP.DYN.LE00.IN.csv, already exists.
Skipping figures/Chapter5/predictions/Naive/ZAF_SP.URB.TOTL.IN.ZS.csv, already exists.
Skipping figures/Chapter5/predictions/Naive/ZAF_NV.AGR.TOTL.ZS.csv, already exists.
Skipping figures/Chapter5/predictions/Naive/ZAF_EG.USE.PCAP.KG.OE.csv, already exists.
Skipping figures/Chapter5/predictions/Naive/ZAF_FS.AST.PRVT.GD.ZS.csv, already exists.
Skipping figures/Chapter5/predictions/Naive/ZAF_NE.IMP.GNFS.ZS.csv, already exists.
Skipping figures/Chapter5/predictions/Naive/ZAF_NY.GDP.MKTP.CD.csv, already exists.
Skipping figures/Chapter5/predictions/Naive/ZAF_NE.EXP.GNFS.ZS.csv, already exists.
Skipping figures/Chapter5/predictions/Naive/ZAF_NY.GDP.MKTP.KD.ZG.csv, already exists.
Skipping figures/Chapter5/predictions/Naive/ZAF_EN.ATM.GHGT.KT.CE.csv, already exists.
Skipping figures/Chapter5/predictions/ARIMA/ARG_SP.DYN.LE00.IN.csv, already exists.
Skipping figures/Chapter5/predictions/ARIMA/ARG_SP.URB.TOTL.IN.ZS.csv, already exists.
Skipping figures/Chapter5/predictions/ARIMA/ARG_NV.AGR.TOTL.ZS.csv, already exists.
Skipping figures/Chapter5/predictions/ARIMA/ARG_EG.USE.PCAP.KG.OE.csv, already exists.
Skipping figures/Chapter5/predictions/ARIMA/ARG_FS.AST.PRVT.GD.ZS.csv, already exists.
Skipping figures/Chapter5/predictions/ARIMA/ARG_NE.IMP.GNFS.ZS.csv, already exists.
Skipping figures/Chapter5/predictions/ARIMA/ARG_NY.GDP.MKTP.CD.csv, already exists.
Skipping figures/Chapter5/predictions/ARIMA/ARG_NE.EXP.GNFS.ZS.csv, already exists.
Skipping figures/Chapter5/predictions/ARIMA/ARG_NY.GDP.MKTP.KD.ZG.csv, already exists.
Skipping figures/Chapter5/predictions/ARIMA/ARG_EN.ATM.GHGT.KT.CE.csv, already exists.
Skipping figures/Chapter5/predictions/ARIMA/AUS_SP.DYN.LE00.IN.csv, already exists.
Skipping figures/Chapter5/predictions/ARIMA/AUS_SP.URB.TOTL.IN.ZS.csv, already exists.
Skipping figures/Chapter5/predictions/ARIMA/AUS_NV.AGR.TOTL.ZS.csv, already exists.
Skipping figures/Chapter5/predictions/ARIMA/AUS_EG.USE.PCAP.KG.OE.csv, already exists.
Skipping figures/Chapter5/predictions/ARIMA/AUS_FS.AST.PRVT.GD.ZS.csv, already exists.
Skipping figures/Chapter5/predictions/ARIMA/AUS_NE.IMP.GNFS.ZS.csv, already exists.
Skipping figures/Chapter5/predictions/ARIMA/AUS_NY.GDP.MKTP.CD.csv, already exists.
Skipping figures/Chapter5/predictions/ARIMA/AUS_NE.EXP.GNFS.ZS.csv, already exists.
Skipping figures/Chapter5/predictions/ARIMA/AUS_NY.GDP.MKTP.KD.ZG.csv, already exists.
Skipping figures/Chapter5/predictions/ARIMA/AUS_EN.ATM.GHGT.KT.CE.csv, already exists.
Skipping figures/Chapter5/predictions/ARIMA/BRA_SP.DYN.LE00.IN.csv, already exists.
Skipping figures/Chapter5/predictions/ARIMA/BRA_SP.URB.TOTL.IN.ZS.csv, already exists.
Skipping figures/Chapter5/predictions/ARIMA/BRA_NV.AGR.TOTL.ZS.csv, already exists.
Skipping figures/Chapter5/predictions/ARIMA/BRA_EG.USE.PCAP.KG.OE.csv, already exists.
Skipping figures/Chapter5/predictions/ARIMA/BRA_FS.AST.PRVT.GD.ZS.csv, already exists.
Skipping figures/Chapter5/predictions/ARIMA/BRA_NE.IMP.GNFS.ZS.csv, already exists.
Skipping figures/Chapter5/predictions/ARIMA/BRA_NY.GDP.MKTP.CD.csv, already exists.
Skipping figures/Chapter5/predictions/ARIMA/BRA_NE.EXP.GNFS.ZS.csv, already exists.
Skipping figures/Chapter5/predictions/ARIMA/BRA_NY.GDP.MKTP.KD.ZG.csv, already exists.
Skipping figures/Chapter5/predictions/ARIMA/BRA_EN.ATM.GHGT.KT.CE.csv, already exists.
Skipping figures/Chapter5/predictions/ARIMA/CAN_SP.DYN.LE00.IN.csv, already exists.
Skipping figures/Chapter5/predictions/ARIMA/CAN_SP.URB.TOTL.IN.ZS.csv, already exists.
Skipping figures/Chapter5/predictions/ARIMA/CAN_NV.AGR.TOTL.ZS.csv, already exists.
Skipping figures/Chapter5/predictions/ARIMA/CAN_EG.USE.PCAP.KG.OE.csv, already exists.
Skipping figures/Chapter5/predictions/ARIMA/CAN_FS.AST.PRVT.GD.ZS.csv, already exists.
Skipping figures/Chapter5/predictions/ARIMA/CAN_NE.IMP.GNFS.ZS.csv, already exists.
Skipping figures/Chapter5/predictions/ARIMA/CAN_NY.GDP.MKTP.CD.csv, already exists.
Skipping figures/Chapter5/predictions/ARIMA/CAN_NE.EXP.GNFS.ZS.csv, already exists.
Skipping figures/Chapter5/predictions/ARIMA/CAN_NY.GDP.MKTP.KD.ZG.csv, already exists.
Skipping figures/Chapter5/predictions/ARIMA/CAN_EN.ATM.GHGT.KT.CE.csv, already exists.
Skipping figures/Chapter5/predictions/ARIMA/CHN_SP.DYN.LE00.IN.csv, already exists.
Skipping figures/Chapter5/predictions/ARIMA/CHN_SP.URB.TOTL.IN.ZS.csv, already exists.
Skipping figures/Chapter5/predictions/ARIMA/CHN_NV.AGR.TOTL.ZS.csv, already exists.
Skipping figures/Chapter5/predictions/ARIMA/CHN_EG.USE.PCAP.KG.OE.csv, already exists.
Skipping figures/Chapter5/predictions/ARIMA/CHN_FS.AST.PRVT.GD.ZS.csv, already exists.
Skipping figures/Chapter5/predictions/ARIMA/CHN_NE.IMP.GNFS.ZS.csv, already exists.
Skipping figures/Chapter5/predictions/ARIMA/CHN_NY.GDP.MKTP.CD.csv, already exists.
Skipping figures/Chapter5/predictions/ARIMA/CHN_NE.EXP.GNFS.ZS.csv, already exists.
Skipping figures/Chapter5/predictions/ARIMA/CHN_NY.GDP.MKTP.KD.ZG.csv, already exists.
Skipping figures/Chapter5/predictions/ARIMA/CHN_EN.ATM.GHGT.KT.CE.csv, already exists.
Skipping figures/Chapter5/predictions/ARIMA/DEU_SP.DYN.LE00.IN.csv, already exists.
Skipping figures/Chapter5/predictions/ARIMA/DEU_SP.URB.TOTL.IN.ZS.csv, already exists.
Skipping figures/Chapter5/predictions/ARIMA/DEU_NV.AGR.TOTL.ZS.csv, already exists.
Skipping figures/Chapter5/predictions/ARIMA/DEU_EG.USE.PCAP.KG.OE.csv, already exists.
Skipping figures/Chapter5/predictions/ARIMA/DEU_FS.AST.PRVT.GD.ZS.csv, already exists.
Skipping figures/Chapter5/predictions/ARIMA/DEU_NE.IMP.GNFS.ZS.csv, already exists.
Skipping figures/Chapter5/predictions/ARIMA/DEU_NY.GDP.MKTP.CD.csv, already exists.
Skipping figures/Chapter5/predictions/ARIMA/DEU_NE.EXP.GNFS.ZS.csv, already exists.
Skipping figures/Chapter5/predictions/ARIMA/DEU_NY.GDP.MKTP.KD.ZG.csv, already exists.
Skipping figures/Chapter5/predictions/ARIMA/DEU_EN.ATM.GHGT.KT.CE.csv, already exists.
Skipping figures/Chapter5/predictions/ARIMA/EUU_SP.DYN.LE00.IN.csv, already exists.
Skipping figures/Chapter5/predictions/ARIMA/EUU_SP.URB.TOTL.IN.ZS.csv, already exists.
Skipping figures/Chapter5/predictions/ARIMA/EUU_NV.AGR.TOTL.ZS.csv, already exists.
Skipping figures/Chapter5/predictions/ARIMA/EUU_EG.USE.PCAP.KG.OE.csv, already exists.
Skipping figures/Chapter5/predictions/ARIMA/EUU_FS.AST.PRVT.GD.ZS.csv, already exists.
Skipping figures/Chapter5/predictions/ARIMA/EUU_NE.IMP.GNFS.ZS.csv, already exists.
Skipping figures/Chapter5/predictions/ARIMA/EUU_NY.GDP.MKTP.CD.csv, already exists.
Skipping figures/Chapter5/predictions/ARIMA/EUU_NE.EXP.GNFS.ZS.csv, already exists.
Skipping figures/Chapter5/predictions/ARIMA/EUU_NY.GDP.MKTP.KD.ZG.csv, already exists.
Skipping figures/Chapter5/predictions/ARIMA/EUU_EN.ATM.GHGT.KT.CE.csv, already exists.
Skipping figures/Chapter5/predictions/ARIMA/FRA_SP.DYN.LE00.IN.csv, already exists.
Skipping figures/Chapter5/predictions/ARIMA/FRA_SP.URB.TOTL.IN.ZS.csv, already exists.
Skipping figures/Chapter5/predictions/ARIMA/FRA_NV.AGR.TOTL.ZS.csv, already exists.
Skipping figures/Chapter5/predictions/ARIMA/FRA_EG.USE.PCAP.KG.OE.csv, already exists.
Skipping figures/Chapter5/predictions/ARIMA/FRA_FS.AST.PRVT.GD.ZS.csv, already exists.
Skipping figures/Chapter5/predictions/ARIMA/FRA_NE.IMP.GNFS.ZS.csv, already exists.
Skipping figures/Chapter5/predictions/ARIMA/FRA_NY.GDP.MKTP.CD.csv, already exists.
Skipping figures/Chapter5/predictions/ARIMA/FRA_NE.EXP.GNFS.ZS.csv, already exists.
Skipping figures/Chapter5/predictions/ARIMA/FRA_NY.GDP.MKTP.KD.ZG.csv, already exists.
Skipping figures/Chapter5/predictions/ARIMA/FRA_EN.ATM.GHGT.KT.CE.csv, already exists.
Skipping figures/Chapter5/predictions/ARIMA/GBR_SP.DYN.LE00.IN.csv, already exists.
Skipping figures/Chapter5/predictions/ARIMA/GBR_SP.URB.TOTL.IN.ZS.csv, already exists.
Skipping figures/Chapter5/predictions/ARIMA/GBR_NV.AGR.TOTL.ZS.csv, already exists.
Skipping figures/Chapter5/predictions/ARIMA/GBR_EG.USE.PCAP.KG.OE.csv, already exists.
Skipping figures/Chapter5/predictions/ARIMA/GBR_FS.AST.PRVT.GD.ZS.csv, already exists.
Skipping figures/Chapter5/predictions/ARIMA/GBR_NE.IMP.GNFS.ZS.csv, already exists.
Skipping figures/Chapter5/predictions/ARIMA/GBR_NY.GDP.MKTP.CD.csv, already exists.
Skipping figures/Chapter5/predictions/ARIMA/GBR_NE.EXP.GNFS.ZS.csv, already exists.
Skipping figures/Chapter5/predictions/ARIMA/GBR_NY.GDP.MKTP.KD.ZG.csv, already exists.
Skipping figures/Chapter5/predictions/ARIMA/GBR_EN.ATM.GHGT.KT.CE.csv, already exists.
Skipping figures/Chapter5/predictions/ARIMA/IDN_SP.DYN.LE00.IN.csv, already exists.
Skipping figures/Chapter5/predictions/ARIMA/IDN_SP.URB.TOTL.IN.ZS.csv, already exists.
Skipping figures/Chapter5/predictions/ARIMA/IDN_NV.AGR.TOTL.ZS.csv, already exists.
Skipping figures/Chapter5/predictions/ARIMA/IDN_EG.USE.PCAP.KG.OE.csv, already exists.
Skipping figures/Chapter5/predictions/ARIMA/IDN_FS.AST.PRVT.GD.ZS.csv, already exists.
Skipping figures/Chapter5/predictions/ARIMA/IDN_NE.IMP.GNFS.ZS.csv, already exists.
Skipping figures/Chapter5/predictions/ARIMA/IDN_NY.GDP.MKTP.CD.csv, already exists.
Skipping figures/Chapter5/predictions/ARIMA/IDN_NE.EXP.GNFS.ZS.csv, already exists.
Skipping figures/Chapter5/predictions/ARIMA/IDN_NY.GDP.MKTP.KD.ZG.csv, already exists.
Skipping figures/Chapter5/predictions/ARIMA/IDN_EN.ATM.GHGT.KT.CE.csv, already exists.
Skipping figures/Chapter5/predictions/ARIMA/IND_SP.DYN.LE00.IN.csv, already exists.
Skipping figures/Chapter5/predictions/ARIMA/IND_SP.URB.TOTL.IN.ZS.csv, already exists.
Skipping figures/Chapter5/predictions/ARIMA/IND_NV.AGR.TOTL.ZS.csv, already exists.
Skipping figures/Chapter5/predictions/ARIMA/IND_EG.USE.PCAP.KG.OE.csv, already exists.
Skipping figures/Chapter5/predictions/ARIMA/IND_FS.AST.PRVT.GD.ZS.csv, already exists.
Skipping figures/Chapter5/predictions/ARIMA/IND_NE.IMP.GNFS.ZS.csv, already exists.
Skipping figures/Chapter5/predictions/ARIMA/IND_NY.GDP.MKTP.CD.csv, already exists.
Skipping figures/Chapter5/predictions/ARIMA/IND_NE.EXP.GNFS.ZS.csv, already exists.
Skipping figures/Chapter5/predictions/ARIMA/IND_NY.GDP.MKTP.KD.ZG.csv, already exists.
Skipping figures/Chapter5/predictions/ARIMA/IND_EN.ATM.GHGT.KT.CE.csv, already exists.
Skipping figures/Chapter5/predictions/ARIMA/ITA_SP.DYN.LE00.IN.csv, already exists.
Skipping figures/Chapter5/predictions/ARIMA/ITA_SP.URB.TOTL.IN.ZS.csv, already exists.
Skipping figures/Chapter5/predictions/ARIMA/ITA_NV.AGR.TOTL.ZS.csv, already exists.
Skipping figures/Chapter5/predictions/ARIMA/ITA_EG.USE.PCAP.KG.OE.csv, already exists.
Skipping figures/Chapter5/predictions/ARIMA/ITA_FS.AST.PRVT.GD.ZS.csv, already exists.
Skipping figures/Chapter5/predictions/ARIMA/ITA_NE.IMP.GNFS.ZS.csv, already exists.
Skipping figures/Chapter5/predictions/ARIMA/ITA_NY.GDP.MKTP.CD.csv, already exists.
Skipping figures/Chapter5/predictions/ARIMA/ITA_NE.EXP.GNFS.ZS.csv, already exists.
Skipping figures/Chapter5/predictions/ARIMA/ITA_NY.GDP.MKTP.KD.ZG.csv, already exists.
Skipping figures/Chapter5/predictions/ARIMA/ITA_EN.ATM.GHGT.KT.CE.csv, already exists.
Skipping figures/Chapter5/predictions/ARIMA/JPN_SP.DYN.LE00.IN.csv, already exists.
Skipping figures/Chapter5/predictions/ARIMA/JPN_SP.URB.TOTL.IN.ZS.csv, already exists.
Skipping figures/Chapter5/predictions/ARIMA/JPN_NV.AGR.TOTL.ZS.csv, already exists.
Skipping figures/Chapter5/predictions/ARIMA/JPN_EG.USE.PCAP.KG.OE.csv, already exists.
Skipping figures/Chapter5/predictions/ARIMA/JPN_FS.AST.PRVT.GD.ZS.csv, already exists.
Skipping figures/Chapter5/predictions/ARIMA/JPN_NE.IMP.GNFS.ZS.csv, already exists.
Skipping figures/Chapter5/predictions/ARIMA/JPN_NY.GDP.MKTP.CD.csv, already exists.
Skipping figures/Chapter5/predictions/ARIMA/JPN_NE.EXP.GNFS.ZS.csv, already exists.
Skipping figures/Chapter5/predictions/ARIMA/JPN_NY.GDP.MKTP.KD.ZG.csv, already exists.
Skipping figures/Chapter5/predictions/ARIMA/JPN_EN.ATM.GHGT.KT.CE.csv, already exists.
Skipping figures/Chapter5/predictions/ARIMA/KOR_SP.DYN.LE00.IN.csv, already exists.
Skipping figures/Chapter5/predictions/ARIMA/KOR_SP.URB.TOTL.IN.ZS.csv, already exists.
Skipping figures/Chapter5/predictions/ARIMA/KOR_NV.AGR.TOTL.ZS.csv, already exists.
Skipping figures/Chapter5/predictions/ARIMA/KOR_EG.USE.PCAP.KG.OE.csv, already exists.
Skipping figures/Chapter5/predictions/ARIMA/KOR_FS.AST.PRVT.GD.ZS.csv, already exists.
Skipping figures/Chapter5/predictions/ARIMA/KOR_NE.IMP.GNFS.ZS.csv, already exists.
Skipping figures/Chapter5/predictions/ARIMA/KOR_NY.GDP.MKTP.CD.csv, already exists.
Skipping figures/Chapter5/predictions/ARIMA/KOR_NE.EXP.GNFS.ZS.csv, already exists.
Skipping figures/Chapter5/predictions/ARIMA/KOR_NY.GDP.MKTP.KD.ZG.csv, already exists.
Skipping figures/Chapter5/predictions/ARIMA/KOR_EN.ATM.GHGT.KT.CE.csv, already exists.
Skipping figures/Chapter5/predictions/ARIMA/MEX_SP.DYN.LE00.IN.csv, already exists.
Skipping figures/Chapter5/predictions/ARIMA/MEX_SP.URB.TOTL.IN.ZS.csv, already exists.
Skipping figures/Chapter5/predictions/ARIMA/MEX_NV.AGR.TOTL.ZS.csv, already exists.
Skipping figures/Chapter5/predictions/ARIMA/MEX_EG.USE.PCAP.KG.OE.csv, already exists.
Skipping figures/Chapter5/predictions/ARIMA/MEX_FS.AST.PRVT.GD.ZS.csv, already exists.
Skipping figures/Chapter5/predictions/ARIMA/MEX_NE.IMP.GNFS.ZS.csv, already exists.
Skipping figures/Chapter5/predictions/ARIMA/MEX_NY.GDP.MKTP.CD.csv, already exists.
Skipping figures/Chapter5/predictions/ARIMA/MEX_NE.EXP.GNFS.ZS.csv, already exists.
Skipping figures/Chapter5/predictions/ARIMA/MEX_NY.GDP.MKTP.KD.ZG.csv, already exists.
Skipping figures/Chapter5/predictions/ARIMA/MEX_EN.ATM.GHGT.KT.CE.csv, already exists.
Skipping figures/Chapter5/predictions/ARIMA/RUS_SP.DYN.LE00.IN.csv, already exists.
Skipping figures/Chapter5/predictions/ARIMA/RUS_SP.URB.TOTL.IN.ZS.csv, already exists.
Skipping figures/Chapter5/predictions/ARIMA/RUS_NV.AGR.TOTL.ZS.csv, already exists.
Skipping figures/Chapter5/predictions/ARIMA/RUS_EG.USE.PCAP.KG.OE.csv, already exists.
Skipping figures/Chapter5/predictions/ARIMA/RUS_FS.AST.PRVT.GD.ZS.csv, already exists.
Skipping figures/Chapter5/predictions/ARIMA/RUS_NE.IMP.GNFS.ZS.csv, already exists.
Skipping figures/Chapter5/predictions/ARIMA/RUS_NY.GDP.MKTP.CD.csv, already exists.
Skipping figures/Chapter5/predictions/ARIMA/RUS_NE.EXP.GNFS.ZS.csv, already exists.
Skipping figures/Chapter5/predictions/ARIMA/RUS_NY.GDP.MKTP.KD.ZG.csv, already exists.
Skipping figures/Chapter5/predictions/ARIMA/RUS_EN.ATM.GHGT.KT.CE.csv, already exists.
Skipping figures/Chapter5/predictions/ARIMA/SAU_SP.DYN.LE00.IN.csv, already exists.
Skipping figures/Chapter5/predictions/ARIMA/SAU_SP.URB.TOTL.IN.ZS.csv, already exists.
Skipping figures/Chapter5/predictions/ARIMA/SAU_NV.AGR.TOTL.ZS.csv, already exists.
Skipping figures/Chapter5/predictions/ARIMA/SAU_EG.USE.PCAP.KG.OE.csv, already exists.
Skipping figures/Chapter5/predictions/ARIMA/SAU_FS.AST.PRVT.GD.ZS.csv, already exists.
Skipping figures/Chapter5/predictions/ARIMA/SAU_NE.IMP.GNFS.ZS.csv, already exists.
Skipping figures/Chapter5/predictions/ARIMA/SAU_NY.GDP.MKTP.CD.csv, already exists.
Skipping figures/Chapter5/predictions/ARIMA/SAU_NE.EXP.GNFS.ZS.csv, already exists.
Skipping figures/Chapter5/predictions/ARIMA/SAU_NY.GDP.MKTP.KD.ZG.csv, already exists.
Skipping figures/Chapter5/predictions/ARIMA/SAU_EN.ATM.GHGT.KT.CE.csv, already exists.
Skipping figures/Chapter5/predictions/ARIMA/TUR_SP.DYN.LE00.IN.csv, already exists.
Skipping figures/Chapter5/predictions/ARIMA/TUR_SP.URB.TOTL.IN.ZS.csv, already exists.
Skipping figures/Chapter5/predictions/ARIMA/TUR_NV.AGR.TOTL.ZS.csv, already exists.
Skipping figures/Chapter5/predictions/ARIMA/TUR_EG.USE.PCAP.KG.OE.csv, already exists.
Skipping figures/Chapter5/predictions/ARIMA/TUR_FS.AST.PRVT.GD.ZS.csv, already exists.
Skipping figures/Chapter5/predictions/ARIMA/TUR_NE.IMP.GNFS.ZS.csv, already exists.
Skipping figures/Chapter5/predictions/ARIMA/TUR_NY.GDP.MKTP.CD.csv, already exists.
Skipping figures/Chapter5/predictions/ARIMA/TUR_NE.EXP.GNFS.ZS.csv, already exists.
Skipping figures/Chapter5/predictions/ARIMA/TUR_NY.GDP.MKTP.KD.ZG.csv, already exists.
Skipping figures/Chapter5/predictions/ARIMA/TUR_EN.ATM.GHGT.KT.CE.csv, already exists.
Skipping figures/Chapter5/predictions/ARIMA/USA_SP.DYN.LE00.IN.csv, already exists.
Skipping figures/Chapter5/predictions/ARIMA/USA_SP.URB.TOTL.IN.ZS.csv, already exists.
Skipping figures/Chapter5/predictions/ARIMA/USA_NV.AGR.TOTL.ZS.csv, already exists.
Skipping figures/Chapter5/predictions/ARIMA/USA_EG.USE.PCAP.KG.OE.csv, already exists.
Skipping figures/Chapter5/predictions/ARIMA/USA_FS.AST.PRVT.GD.ZS.csv, already exists.
Skipping figures/Chapter5/predictions/ARIMA/USA_NE.IMP.GNFS.ZS.csv, already exists.
Skipping figures/Chapter5/predictions/ARIMA/USA_NY.GDP.MKTP.CD.csv, already exists.
Skipping figures/Chapter5/predictions/ARIMA/USA_NE.EXP.GNFS.ZS.csv, already exists.
Skipping figures/Chapter5/predictions/ARIMA/USA_NY.GDP.MKTP.KD.ZG.csv, already exists.
Skipping figures/Chapter5/predictions/ARIMA/USA_EN.ATM.GHGT.KT.CE.csv, already exists.
Skipping figures/Chapter5/predictions/ARIMA/ZAF_SP.DYN.LE00.IN.csv, already exists.
Skipping figures/Chapter5/predictions/ARIMA/ZAF_SP.URB.TOTL.IN.ZS.csv, already exists.
Skipping figures/Chapter5/predictions/ARIMA/ZAF_NV.AGR.TOTL.ZS.csv, already exists.
Skipping figures/Chapter5/predictions/ARIMA/ZAF_EG.USE.PCAP.KG.OE.csv, already exists.
Skipping figures/Chapter5/predictions/ARIMA/ZAF_FS.AST.PRVT.GD.ZS.csv, already exists.
Skipping figures/Chapter5/predictions/ARIMA/ZAF_NE.IMP.GNFS.ZS.csv, already exists.
Skipping figures/Chapter5/predictions/ARIMA/ZAF_NY.GDP.MKTP.CD.csv, already exists.
Skipping figures/Chapter5/predictions/ARIMA/ZAF_NE.EXP.GNFS.ZS.csv, already exists.
Skipping figures/Chapter5/predictions/ARIMA/ZAF_NY.GDP.MKTP.KD.ZG.csv, already exists.
Skipping figures/Chapter5/predictions/ARIMA/ZAF_EN.ATM.GHGT.KT.CE.csv, already exists.
Skipping figures/Chapter5/predictions/Rolling_XGB_lag2/ARG_SP.DYN.LE00.IN.csv, already exists.
Skipping figures/Chapter5/predictions/Rolling_XGB_lag2/ARG_SP.URB.TOTL.IN.ZS.csv, already exists.
Skipping figures/Chapter5/predictions/Rolling_XGB_lag2/ARG_NV.AGR.TOTL.ZS.csv, already exists.
Skipping figures/Chapter5/predictions/Rolling_XGB_lag2/ARG_EG.USE.PCAP.KG.OE.csv, already exists.
Skipping figures/Chapter5/predictions/Rolling_XGB_lag2/ARG_FS.AST.PRVT.GD.ZS.csv, already exists.
Skipping figures/Chapter5/predictions/Rolling_XGB_lag2/ARG_NE.IMP.GNFS.ZS.csv, already exists.
Skipping figures/Chapter5/predictions/Rolling_XGB_lag2/ARG_NY.GDP.MKTP.CD.csv, already exists.
Skipping figures/Chapter5/predictions/Rolling_XGB_lag2/ARG_NE.EXP.GNFS.ZS.csv, already exists.
Skipping figures/Chapter5/predictions/Rolling_XGB_lag2/ARG_NY.GDP.MKTP.KD.ZG.csv, already exists.
Skipping figures/Chapter5/predictions/Rolling_XGB_lag2/ARG_EN.ATM.GHGT.KT.CE.csv, already exists.
Skipping figures/Chapter5/predictions/Rolling_XGB_lag2/AUS_SP.DYN.LE00.IN.csv, already exists.
Skipping figures/Chapter5/predictions/Rolling_XGB_lag2/AUS_SP.URB.TOTL.IN.ZS.csv, already exists.
Skipping figures/Chapter5/predictions/Rolling_XGB_lag2/AUS_NV.AGR.TOTL.ZS.csv, already exists.
Skipping figures/Chapter5/predictions/Rolling_XGB_lag2/AUS_EG.USE.PCAP.KG.OE.csv, already exists.
Skipping figures/Chapter5/predictions/Rolling_XGB_lag2/AUS_FS.AST.PRVT.GD.ZS.csv, already exists.
Skipping figures/Chapter5/predictions/Rolling_XGB_lag2/AUS_NE.IMP.GNFS.ZS.csv, already exists.
Skipping figures/Chapter5/predictions/Rolling_XGB_lag2/AUS_NY.GDP.MKTP.CD.csv, already exists.
Skipping figures/Chapter5/predictions/Rolling_XGB_lag2/AUS_NE.EXP.GNFS.ZS.csv, already exists.
Skipping figures/Chapter5/predictions/Rolling_XGB_lag2/AUS_NY.GDP.MKTP.KD.ZG.csv, already exists.
Skipping figures/Chapter5/predictions/Rolling_XGB_lag2/AUS_EN.ATM.GHGT.KT.CE.csv, already exists.
Skipping figures/Chapter5/predictions/Rolling_XGB_lag2/BRA_SP.DYN.LE00.IN.csv, already exists.
Skipping figures/Chapter5/predictions/Rolling_XGB_lag2/BRA_SP.URB.TOTL.IN.ZS.csv, already exists.
Skipping figures/Chapter5/predictions/Rolling_XGB_lag2/BRA_NV.AGR.TOTL.ZS.csv, already exists.
Skipping figures/Chapter5/predictions/Rolling_XGB_lag2/BRA_EG.USE.PCAP.KG.OE.csv, already exists.
Skipping figures/Chapter5/predictions/Rolling_XGB_lag2/BRA_FS.AST.PRVT.GD.ZS.csv, already exists.
Skipping figures/Chapter5/predictions/Rolling_XGB_lag2/BRA_NE.IMP.GNFS.ZS.csv, already exists.
Skipping figures/Chapter5/predictions/Rolling_XGB_lag2/BRA_NY.GDP.MKTP.CD.csv, already exists.
Skipping figures/Chapter5/predictions/Rolling_XGB_lag2/BRA_NE.EXP.GNFS.ZS.csv, already exists.
Skipping figures/Chapter5/predictions/Rolling_XGB_lag2/BRA_NY.GDP.MKTP.KD.ZG.csv, already exists.
Skipping figures/Chapter5/predictions/Rolling_XGB_lag2/BRA_EN.ATM.GHGT.KT.CE.csv, already exists.
Skipping figures/Chapter5/predictions/Rolling_XGB_lag2/CAN_SP.DYN.LE00.IN.csv, already exists.
Skipping figures/Chapter5/predictions/Rolling_XGB_lag2/CAN_SP.URB.TOTL.IN.ZS.csv, already exists.
Skipping figures/Chapter5/predictions/Rolling_XGB_lag2/CAN_NV.AGR.TOTL.ZS.csv, already exists.
Skipping figures/Chapter5/predictions/Rolling_XGB_lag2/CAN_EG.USE.PCAP.KG.OE.csv, already exists.
Skipping figures/Chapter5/predictions/Rolling_XGB_lag2/CAN_FS.AST.PRVT.GD.ZS.csv, already exists.
Skipping figures/Chapter5/predictions/Rolling_XGB_lag2/CAN_NE.IMP.GNFS.ZS.csv, already exists.
Saved predictions to figures/Chapter5/predictions/Rolling_XGB_lag2/CAN_NY.GDP.MKTP.CD.csv
Saved predictions to figures/Chapter5/predictions/Rolling_XGB_lag2/CAN_NE.EXP.GNFS.ZS.csv
Saved predictions to figures/Chapter5/predictions/Rolling_XGB_lag2/CAN_NY.GDP.MKTP.KD.ZG.csv
Saved predictions to figures/Chapter5/predictions/Rolling_XGB_lag2/CAN_EN.ATM.GHGT.KT.CE.csv
Saved predictions to figures/Chapter5/predictions/Rolling_XGB_lag2/CHN_SP.DYN.LE00.IN.csv
Saved predictions to figures/Chapter5/predictions/Rolling_XGB_lag2/CHN_SP.URB.TOTL.IN.ZS.csv
Saved predictions to figures/Chapter5/predictions/Rolling_XGB_lag2/CHN_NV.AGR.TOTL.ZS.csv
Saved predictions to figures/Chapter5/predictions/Rolling_XGB_lag2/CHN_EG.USE.PCAP.KG.OE.csv
Saved predictions to figures/Chapter5/predictions/Rolling_XGB_lag2/CHN_FS.AST.PRVT.GD.ZS.csv
Saved predictions to figures/Chapter5/predictions/Rolling_XGB_lag2/CHN_NE.IMP.GNFS.ZS.csv
Saved predictions to figures/Chapter5/predictions/Rolling_XGB_lag2/CHN_NY.GDP.MKTP.CD.csv
Saved predictions to figures/Chapter5/predictions/Rolling_XGB_lag2/CHN_NE.EXP.GNFS.ZS.csv
Saved predictions to figures/Chapter5/predictions/Rolling_XGB_lag2/CHN_NY.GDP.MKTP.KD.ZG.csv
Saved predictions to figures/Chapter5/predictions/Rolling_XGB_lag2/CHN_EN.ATM.GHGT.KT.CE.csv
Saved predictions to figures/Chapter5/predictions/Rolling_XGB_lag2/DEU_SP.DYN.LE00.IN.csv
Saved predictions to figures/Chapter5/predictions/Rolling_XGB_lag2/DEU_SP.URB.TOTL.IN.ZS.csv
Saved predictions to figures/Chapter5/predictions/Rolling_XGB_lag2/DEU_NV.AGR.TOTL.ZS.csv
Saved predictions to figures/Chapter5/predictions/Rolling_XGB_lag2/DEU_EG.USE.PCAP.KG.OE.csv
Saved predictions to figures/Chapter5/predictions/Rolling_XGB_lag2/DEU_FS.AST.PRVT.GD.ZS.csv
Saved predictions to figures/Chapter5/predictions/Rolling_XGB_lag2/DEU_NE.IMP.GNFS.ZS.csv
Saved predictions to figures/Chapter5/predictions/Rolling_XGB_lag2/DEU_NY.GDP.MKTP.CD.csv
Saved predictions to figures/Chapter5/predictions/Rolling_XGB_lag2/DEU_NE.EXP.GNFS.ZS.csv
Saved predictions to figures/Chapter5/predictions/Rolling_XGB_lag2/DEU_NY.GDP.MKTP.KD.ZG.csv
Saved predictions to figures/Chapter5/predictions/Rolling_XGB_lag2/DEU_EN.ATM.GHGT.KT.CE.csv
Saved predictions to figures/Chapter5/predictions/Rolling_XGB_lag2/EUU_SP.DYN.LE00.IN.csv
Saved predictions to figures/Chapter5/predictions/Rolling_XGB_lag2/EUU_SP.URB.TOTL.IN.ZS.csv
Saved predictions to figures/Chapter5/predictions/Rolling_XGB_lag2/EUU_NV.AGR.TOTL.ZS.csv
Saved predictions to figures/Chapter5/predictions/Rolling_XGB_lag2/EUU_EG.USE.PCAP.KG.OE.csv
Saved predictions to figures/Chapter5/predictions/Rolling_XGB_lag2/EUU_FS.AST.PRVT.GD.ZS.csv
Saved predictions to figures/Chapter5/predictions/Rolling_XGB_lag2/EUU_NE.IMP.GNFS.ZS.csv
Saved predictions to figures/Chapter5/predictions/Rolling_XGB_lag2/EUU_NY.GDP.MKTP.CD.csv
Saved predictions to figures/Chapter5/predictions/Rolling_XGB_lag2/EUU_NE.EXP.GNFS.ZS.csv
Saved predictions to figures/Chapter5/predictions/Rolling_XGB_lag2/EUU_NY.GDP.MKTP.KD.ZG.csv
Saved predictions to figures/Chapter5/predictions/Rolling_XGB_lag2/EUU_EN.ATM.GHGT.KT.CE.csv
Saved predictions to figures/Chapter5/predictions/Rolling_XGB_lag2/FRA_SP.DYN.LE00.IN.csv
Saved predictions to figures/Chapter5/predictions/Rolling_XGB_lag2/FRA_SP.URB.TOTL.IN.ZS.csv
Saved predictions to figures/Chapter5/predictions/Rolling_XGB_lag2/FRA_NV.AGR.TOTL.ZS.csv
Saved predictions to figures/Chapter5/predictions/Rolling_XGB_lag2/FRA_EG.USE.PCAP.KG.OE.csv
Saved predictions to figures/Chapter5/predictions/Rolling_XGB_lag2/FRA_FS.AST.PRVT.GD.ZS.csv
Saved predictions to figures/Chapter5/predictions/Rolling_XGB_lag2/FRA_NE.IMP.GNFS.ZS.csv
Saved predictions to figures/Chapter5/predictions/Rolling_XGB_lag2/FRA_NY.GDP.MKTP.CD.csv
Saved predictions to figures/Chapter5/predictions/Rolling_XGB_lag2/FRA_NE.EXP.GNFS.ZS.csv
Saved predictions to figures/Chapter5/predictions/Rolling_XGB_lag2/FRA_NY.GDP.MKTP.KD.ZG.csv
Saved predictions to figures/Chapter5/predictions/Rolling_XGB_lag2/FRA_EN.ATM.GHGT.KT.CE.csv
Saved predictions to figures/Chapter5/predictions/Rolling_XGB_lag2/GBR_SP.DYN.LE00.IN.csv
Saved predictions to figures/Chapter5/predictions/Rolling_XGB_lag2/GBR_SP.URB.TOTL.IN.ZS.csv
Saved predictions to figures/Chapter5/predictions/Rolling_XGB_lag2/GBR_NV.AGR.TOTL.ZS.csv
Saved predictions to figures/Chapter5/predictions/Rolling_XGB_lag2/GBR_EG.USE.PCAP.KG.OE.csv
Saved predictions to figures/Chapter5/predictions/Rolling_XGB_lag2/GBR_FS.AST.PRVT.GD.ZS.csv
Saved predictions to figures/Chapter5/predictions/Rolling_XGB_lag2/GBR_NE.IMP.GNFS.ZS.csv
Saved predictions to figures/Chapter5/predictions/Rolling_XGB_lag2/GBR_NY.GDP.MKTP.CD.csv
Saved predictions to figures/Chapter5/predictions/Rolling_XGB_lag2/GBR_NE.EXP.GNFS.ZS.csv
Saved predictions to figures/Chapter5/predictions/Rolling_XGB_lag2/GBR_NY.GDP.MKTP.KD.ZG.csv
Saved predictions to figures/Chapter5/predictions/Rolling_XGB_lag2/GBR_EN.ATM.GHGT.KT.CE.csv
Saved predictions to figures/Chapter5/predictions/Rolling_XGB_lag2/IDN_SP.DYN.LE00.IN.csv
Saved predictions to figures/Chapter5/predictions/Rolling_XGB_lag2/IDN_SP.URB.TOTL.IN.ZS.csv
Saved predictions to figures/Chapter5/predictions/Rolling_XGB_lag2/IDN_NV.AGR.TOTL.ZS.csv
Saved predictions to figures/Chapter5/predictions/Rolling_XGB_lag2/IDN_EG.USE.PCAP.KG.OE.csv
Saved predictions to figures/Chapter5/predictions/Rolling_XGB_lag2/IDN_FS.AST.PRVT.GD.ZS.csv
Saved predictions to figures/Chapter5/predictions/Rolling_XGB_lag2/IDN_NE.IMP.GNFS.ZS.csv
Saved predictions to figures/Chapter5/predictions/Rolling_XGB_lag2/IDN_NY.GDP.MKTP.CD.csv
Saved predictions to figures/Chapter5/predictions/Rolling_XGB_lag2/IDN_NE.EXP.GNFS.ZS.csv
Saved predictions to figures/Chapter5/predictions/Rolling_XGB_lag2/IDN_NY.GDP.MKTP.KD.ZG.csv
Saved predictions to figures/Chapter5/predictions/Rolling_XGB_lag2/IDN_EN.ATM.GHGT.KT.CE.csv
Saved predictions to figures/Chapter5/predictions/Rolling_XGB_lag2/IND_SP.DYN.LE00.IN.csv
Saved predictions to figures/Chapter5/predictions/Rolling_XGB_lag2/IND_SP.URB.TOTL.IN.ZS.csv
Saved predictions to figures/Chapter5/predictions/Rolling_XGB_lag2/IND_NV.AGR.TOTL.ZS.csv
Saved predictions to figures/Chapter5/predictions/Rolling_XGB_lag2/IND_EG.USE.PCAP.KG.OE.csv
Saved predictions to figures/Chapter5/predictions/Rolling_XGB_lag2/IND_FS.AST.PRVT.GD.ZS.csv
Saved predictions to figures/Chapter5/predictions/Rolling_XGB_lag2/IND_NE.IMP.GNFS.ZS.csv
Saved predictions to figures/Chapter5/predictions/Rolling_XGB_lag2/IND_NY.GDP.MKTP.CD.csv
Saved predictions to figures/Chapter5/predictions/Rolling_XGB_lag2/IND_NE.EXP.GNFS.ZS.csv
Saved predictions to figures/Chapter5/predictions/Rolling_XGB_lag2/IND_NY.GDP.MKTP.KD.ZG.csv
Saved predictions to figures/Chapter5/predictions/Rolling_XGB_lag2/IND_EN.ATM.GHGT.KT.CE.csv
Saved predictions to figures/Chapter5/predictions/Rolling_XGB_lag2/ITA_SP.DYN.LE00.IN.csv
Saved predictions to figures/Chapter5/predictions/Rolling_XGB_lag2/ITA_SP.URB.TOTL.IN.ZS.csv
Saved predictions to figures/Chapter5/predictions/Rolling_XGB_lag2/ITA_NV.AGR.TOTL.ZS.csv
Saved predictions to figures/Chapter5/predictions/Rolling_XGB_lag2/ITA_EG.USE.PCAP.KG.OE.csv
Saved predictions to figures/Chapter5/predictions/Rolling_XGB_lag2/ITA_FS.AST.PRVT.GD.ZS.csv
Saved predictions to figures/Chapter5/predictions/Rolling_XGB_lag2/ITA_NE.IMP.GNFS.ZS.csv
Saved predictions to figures/Chapter5/predictions/Rolling_XGB_lag2/ITA_NY.GDP.MKTP.CD.csv
Saved predictions to figures/Chapter5/predictions/Rolling_XGB_lag2/ITA_NE.EXP.GNFS.ZS.csv
Saved predictions to figures/Chapter5/predictions/Rolling_XGB_lag2/ITA_NY.GDP.MKTP.KD.ZG.csv
Saved predictions to figures/Chapter5/predictions/Rolling_XGB_lag2/ITA_EN.ATM.GHGT.KT.CE.csv
Saved predictions to figures/Chapter5/predictions/Rolling_XGB_lag2/JPN_SP.DYN.LE00.IN.csv
Saved predictions to figures/Chapter5/predictions/Rolling_XGB_lag2/JPN_SP.URB.TOTL.IN.ZS.csv
Saved predictions to figures/Chapter5/predictions/Rolling_XGB_lag2/JPN_NV.AGR.TOTL.ZS.csv
Saved predictions to figures/Chapter5/predictions/Rolling_XGB_lag2/JPN_EG.USE.PCAP.KG.OE.csv
Saved predictions to figures/Chapter5/predictions/Rolling_XGB_lag2/JPN_FS.AST.PRVT.GD.ZS.csv
Saved predictions to figures/Chapter5/predictions/Rolling_XGB_lag2/JPN_NE.IMP.GNFS.ZS.csv
Saved predictions to figures/Chapter5/predictions/Rolling_XGB_lag2/JPN_NY.GDP.MKTP.CD.csv
Saved predictions to figures/Chapter5/predictions/Rolling_XGB_lag2/JPN_NE.EXP.GNFS.ZS.csv
Saved predictions to figures/Chapter5/predictions/Rolling_XGB_lag2/JPN_NY.GDP.MKTP.KD.ZG.csv
Saved predictions to figures/Chapter5/predictions/Rolling_XGB_lag2/JPN_EN.ATM.GHGT.KT.CE.csv
Saved predictions to figures/Chapter5/predictions/Rolling_XGB_lag2/KOR_SP.DYN.LE00.IN.csv
Saved predictions to figures/Chapter5/predictions/Rolling_XGB_lag2/KOR_SP.URB.TOTL.IN.ZS.csv
Saved predictions to figures/Chapter5/predictions/Rolling_XGB_lag2/KOR_NV.AGR.TOTL.ZS.csv
Saved predictions to figures/Chapter5/predictions/Rolling_XGB_lag2/KOR_EG.USE.PCAP.KG.OE.csv
Saved predictions to figures/Chapter5/predictions/Rolling_XGB_lag2/KOR_FS.AST.PRVT.GD.ZS.csv
Saved predictions to figures/Chapter5/predictions/Rolling_XGB_lag2/KOR_NE.IMP.GNFS.ZS.csv
Saved predictions to figures/Chapter5/predictions/Rolling_XGB_lag2/KOR_NY.GDP.MKTP.CD.csv
Saved predictions to figures/Chapter5/predictions/Rolling_XGB_lag2/KOR_NE.EXP.GNFS.ZS.csv
Saved predictions to figures/Chapter5/predictions/Rolling_XGB_lag2/KOR_NY.GDP.MKTP.KD.ZG.csv
Saved predictions to figures/Chapter5/predictions/Rolling_XGB_lag2/KOR_EN.ATM.GHGT.KT.CE.csv
Saved predictions to figures/Chapter5/predictions/Rolling_XGB_lag2/MEX_SP.DYN.LE00.IN.csv
Saved predictions to figures/Chapter5/predictions/Rolling_XGB_lag2/MEX_SP.URB.TOTL.IN.ZS.csv
Saved predictions to figures/Chapter5/predictions/Rolling_XGB_lag2/MEX_NV.AGR.TOTL.ZS.csv
Saved predictions to figures/Chapter5/predictions/Rolling_XGB_lag2/MEX_EG.USE.PCAP.KG.OE.csv
Saved predictions to figures/Chapter5/predictions/Rolling_XGB_lag2/MEX_FS.AST.PRVT.GD.ZS.csv
Saved predictions to figures/Chapter5/predictions/Rolling_XGB_lag2/MEX_NE.IMP.GNFS.ZS.csv
Saved predictions to figures/Chapter5/predictions/Rolling_XGB_lag2/MEX_NY.GDP.MKTP.CD.csv
Saved predictions to figures/Chapter5/predictions/Rolling_XGB_lag2/MEX_NE.EXP.GNFS.ZS.csv
Saved predictions to figures/Chapter5/predictions/Rolling_XGB_lag2/MEX_NY.GDP.MKTP.KD.ZG.csv
Saved predictions to figures/Chapter5/predictions/Rolling_XGB_lag2/MEX_EN.ATM.GHGT.KT.CE.csv
Saved predictions to figures/Chapter5/predictions/Rolling_XGB_lag2/RUS_SP.DYN.LE00.IN.csv
Saved predictions to figures/Chapter5/predictions/Rolling_XGB_lag2/RUS_SP.URB.TOTL.IN.ZS.csv
Saved predictions to figures/Chapter5/predictions/Rolling_XGB_lag2/RUS_NV.AGR.TOTL.ZS.csv
Saved predictions to figures/Chapter5/predictions/Rolling_XGB_lag2/RUS_EG.USE.PCAP.KG.OE.csv
Saved predictions to figures/Chapter5/predictions/Rolling_XGB_lag2/RUS_FS.AST.PRVT.GD.ZS.csv
Saved predictions to figures/Chapter5/predictions/Rolling_XGB_lag2/RUS_NE.IMP.GNFS.ZS.csv
Saved predictions to figures/Chapter5/predictions/Rolling_XGB_lag2/RUS_NY.GDP.MKTP.CD.csv
Saved predictions to figures/Chapter5/predictions/Rolling_XGB_lag2/RUS_NE.EXP.GNFS.ZS.csv
Saved predictions to figures/Chapter5/predictions/Rolling_XGB_lag2/RUS_NY.GDP.MKTP.KD.ZG.csv
Saved predictions to figures/Chapter5/predictions/Rolling_XGB_lag2/RUS_EN.ATM.GHGT.KT.CE.csv
Saved predictions to figures/Chapter5/predictions/Rolling_XGB_lag2/SAU_SP.DYN.LE00.IN.csv
Saved predictions to figures/Chapter5/predictions/Rolling_XGB_lag2/SAU_SP.URB.TOTL.IN.ZS.csv
Saved predictions to figures/Chapter5/predictions/Rolling_XGB_lag2/SAU_NV.AGR.TOTL.ZS.csv
Saved predictions to figures/Chapter5/predictions/Rolling_XGB_lag2/SAU_EG.USE.PCAP.KG.OE.csv
Saved predictions to figures/Chapter5/predictions/Rolling_XGB_lag2/SAU_FS.AST.PRVT.GD.ZS.csv
Saved predictions to figures/Chapter5/predictions/Rolling_XGB_lag2/SAU_NE.IMP.GNFS.ZS.csv
Saved predictions to figures/Chapter5/predictions/Rolling_XGB_lag2/SAU_NY.GDP.MKTP.CD.csv
Saved predictions to figures/Chapter5/predictions/Rolling_XGB_lag2/SAU_NE.EXP.GNFS.ZS.csv
Saved predictions to figures/Chapter5/predictions/Rolling_XGB_lag2/SAU_NY.GDP.MKTP.KD.ZG.csv
Saved predictions to figures/Chapter5/predictions/Rolling_XGB_lag2/SAU_EN.ATM.GHGT.KT.CE.csv
Saved predictions to figures/Chapter5/predictions/Rolling_XGB_lag2/TUR_SP.DYN.LE00.IN.csv
Saved predictions to figures/Chapter5/predictions/Rolling_XGB_lag2/TUR_SP.URB.TOTL.IN.ZS.csv
Saved predictions to figures/Chapter5/predictions/Rolling_XGB_lag2/TUR_NV.AGR.TOTL.ZS.csv
Saved predictions to figures/Chapter5/predictions/Rolling_XGB_lag2/TUR_EG.USE.PCAP.KG.OE.csv
Saved predictions to figures/Chapter5/predictions/Rolling_XGB_lag2/TUR_FS.AST.PRVT.GD.ZS.csv
Saved predictions to figures/Chapter5/predictions/Rolling_XGB_lag2/TUR_NE.IMP.GNFS.ZS.csv
Saved predictions to figures/Chapter5/predictions/Rolling_XGB_lag2/TUR_NY.GDP.MKTP.CD.csv
Saved predictions to figures/Chapter5/predictions/Rolling_XGB_lag2/TUR_NE.EXP.GNFS.ZS.csv
Saved predictions to figures/Chapter5/predictions/Rolling_XGB_lag2/TUR_NY.GDP.MKTP.KD.ZG.csv
Saved predictions to figures/Chapter5/predictions/Rolling_XGB_lag2/TUR_EN.ATM.GHGT.KT.CE.csv
Saved predictions to figures/Chapter5/predictions/Rolling_XGB_lag2/USA_SP.DYN.LE00.IN.csv
Saved predictions to figures/Chapter5/predictions/Rolling_XGB_lag2/USA_SP.URB.TOTL.IN.ZS.csv
Saved predictions to figures/Chapter5/predictions/Rolling_XGB_lag2/USA_NV.AGR.TOTL.ZS.csv
Saved predictions to figures/Chapter5/predictions/Rolling_XGB_lag2/USA_EG.USE.PCAP.KG.OE.csv
Saved predictions to figures/Chapter5/predictions/Rolling_XGB_lag2/USA_FS.AST.PRVT.GD.ZS.csv
Saved predictions to figures/Chapter5/predictions/Rolling_XGB_lag2/USA_NE.IMP.GNFS.ZS.csv
Saved predictions to figures/Chapter5/predictions/Rolling_XGB_lag2/USA_NY.GDP.MKTP.CD.csv
Saved predictions to figures/Chapter5/predictions/Rolling_XGB_lag2/USA_NE.EXP.GNFS.ZS.csv
Saved predictions to figures/Chapter5/predictions/Rolling_XGB_lag2/USA_NY.GDP.MKTP.KD.ZG.csv
Saved predictions to figures/Chapter5/predictions/Rolling_XGB_lag2/USA_EN.ATM.GHGT.KT.CE.csv
Saved predictions to figures/Chapter5/predictions/Rolling_XGB_lag2/ZAF_SP.DYN.LE00.IN.csv
Saved predictions to figures/Chapter5/predictions/Rolling_XGB_lag2/ZAF_SP.URB.TOTL.IN.ZS.csv
Saved predictions to figures/Chapter5/predictions/Rolling_XGB_lag2/ZAF_NV.AGR.TOTL.ZS.csv
Saved predictions to figures/Chapter5/predictions/Rolling_XGB_lag2/ZAF_EG.USE.PCAP.KG.OE.csv
Saved predictions to figures/Chapter5/predictions/Rolling_XGB_lag2/ZAF_FS.AST.PRVT.GD.ZS.csv
Saved predictions to figures/Chapter5/predictions/Rolling_XGB_lag2/ZAF_NE.IMP.GNFS.ZS.csv
Saved predictions to figures/Chapter5/predictions/Rolling_XGB_lag2/ZAF_NY.GDP.MKTP.CD.csv
Saved predictions to figures/Chapter5/predictions/Rolling_XGB_lag2/ZAF_NE.EXP.GNFS.ZS.csv
Saved predictions to figures/Chapter5/predictions/Rolling_XGB_lag2/ZAF_NY.GDP.MKTP.KD.ZG.csv
Saved predictions to figures/Chapter5/predictions/Rolling_XGB_lag2/ZAF_EN.ATM.GHGT.KT.CE.csv
Saved predictions to figures/Chapter5/predictions/Rolling_XGB_lag3/ARG_SP.DYN.LE00.IN.csv
Saved predictions to figures/Chapter5/predictions/Rolling_XGB_lag3/ARG_SP.URB.TOTL.IN.ZS.csv
Saved predictions to figures/Chapter5/predictions/Rolling_XGB_lag3/ARG_NV.AGR.TOTL.ZS.csv
Saved predictions to figures/Chapter5/predictions/Rolling_XGB_lag3/ARG_EG.USE.PCAP.KG.OE.csv
Saved predictions to figures/Chapter5/predictions/Rolling_XGB_lag3/ARG_FS.AST.PRVT.GD.ZS.csv
Saved predictions to figures/Chapter5/predictions/Rolling_XGB_lag3/ARG_NE.IMP.GNFS.ZS.csv
Saved predictions to figures/Chapter5/predictions/Rolling_XGB_lag3/ARG_NY.GDP.MKTP.CD.csv
Saved predictions to figures/Chapter5/predictions/Rolling_XGB_lag3/ARG_NE.EXP.GNFS.ZS.csv
Saved predictions to figures/Chapter5/predictions/Rolling_XGB_lag3/ARG_NY.GDP.MKTP.KD.ZG.csv
Saved predictions to figures/Chapter5/predictions/Rolling_XGB_lag3/ARG_EN.ATM.GHGT.KT.CE.csv
Saved predictions to figures/Chapter5/predictions/Rolling_XGB_lag3/AUS_SP.DYN.LE00.IN.csv
Saved predictions to figures/Chapter5/predictions/Rolling_XGB_lag3/AUS_SP.URB.TOTL.IN.ZS.csv
Saved predictions to figures/Chapter5/predictions/Rolling_XGB_lag3/AUS_NV.AGR.TOTL.ZS.csv
Saved predictions to figures/Chapter5/predictions/Rolling_XGB_lag3/AUS_EG.USE.PCAP.KG.OE.csv
Saved predictions to figures/Chapter5/predictions/Rolling_XGB_lag3/AUS_FS.AST.PRVT.GD.ZS.csv
Saved predictions to figures/Chapter5/predictions/Rolling_XGB_lag3/AUS_NE.IMP.GNFS.ZS.csv
Saved predictions to figures/Chapter5/predictions/Rolling_XGB_lag3/AUS_NY.GDP.MKTP.CD.csv
Saved predictions to figures/Chapter5/predictions/Rolling_XGB_lag3/AUS_NE.EXP.GNFS.ZS.csv
Saved predictions to figures/Chapter5/predictions/Rolling_XGB_lag3/AUS_NY.GDP.MKTP.KD.ZG.csv
Saved predictions to figures/Chapter5/predictions/Rolling_XGB_lag3/AUS_EN.ATM.GHGT.KT.CE.csv
Saved predictions to figures/Chapter5/predictions/Rolling_XGB_lag3/BRA_SP.DYN.LE00.IN.csv
Saved predictions to figures/Chapter5/predictions/Rolling_XGB_lag3/BRA_SP.URB.TOTL.IN.ZS.csv
Saved predictions to figures/Chapter5/predictions/Rolling_XGB_lag3/BRA_NV.AGR.TOTL.ZS.csv
Saved predictions to figures/Chapter5/predictions/Rolling_XGB_lag3/BRA_EG.USE.PCAP.KG.OE.csv
Saved predictions to figures/Chapter5/predictions/Rolling_XGB_lag3/BRA_FS.AST.PRVT.GD.ZS.csv
Saved predictions to figures/Chapter5/predictions/Rolling_XGB_lag3/BRA_NE.IMP.GNFS.ZS.csv
Saved predictions to figures/Chapter5/predictions/Rolling_XGB_lag3/BRA_NY.GDP.MKTP.CD.csv
Saved predictions to figures/Chapter5/predictions/Rolling_XGB_lag3/BRA_NE.EXP.GNFS.ZS.csv
Saved predictions to figures/Chapter5/predictions/Rolling_XGB_lag3/BRA_NY.GDP.MKTP.KD.ZG.csv
Saved predictions to figures/Chapter5/predictions/Rolling_XGB_lag3/BRA_EN.ATM.GHGT.KT.CE.csv
Saved predictions to figures/Chapter5/predictions/Rolling_XGB_lag3/CAN_SP.DYN.LE00.IN.csv
Saved predictions to figures/Chapter5/predictions/Rolling_XGB_lag3/CAN_SP.URB.TOTL.IN.ZS.csv
Saved predictions to figures/Chapter5/predictions/Rolling_XGB_lag3/CAN_NV.AGR.TOTL.ZS.csv
Saved predictions to figures/Chapter5/predictions/Rolling_XGB_lag3/CAN_EG.USE.PCAP.KG.OE.csv
Saved predictions to figures/Chapter5/predictions/Rolling_XGB_lag3/CAN_FS.AST.PRVT.GD.ZS.csv
Saved predictions to figures/Chapter5/predictions/Rolling_XGB_lag3/CAN_NE.IMP.GNFS.ZS.csv
Saved predictions to figures/Chapter5/predictions/Rolling_XGB_lag3/CAN_NY.GDP.MKTP.CD.csv
Saved predictions to figures/Chapter5/predictions/Rolling_XGB_lag3/CAN_NE.EXP.GNFS.ZS.csv
Saved predictions to figures/Chapter5/predictions/Rolling_XGB_lag3/CAN_NY.GDP.MKTP.KD.ZG.csv
Saved predictions to figures/Chapter5/predictions/Rolling_XGB_lag3/CAN_EN.ATM.GHGT.KT.CE.csv
Saved predictions to figures/Chapter5/predictions/Rolling_XGB_lag3/CHN_SP.DYN.LE00.IN.csv
Saved predictions to figures/Chapter5/predictions/Rolling_XGB_lag3/CHN_SP.URB.TOTL.IN.ZS.csv
Saved predictions to figures/Chapter5/predictions/Rolling_XGB_lag3/CHN_NV.AGR.TOTL.ZS.csv
Saved predictions to figures/Chapter5/predictions/Rolling_XGB_lag3/CHN_EG.USE.PCAP.KG.OE.csv
Saved predictions to figures/Chapter5/predictions/Rolling_XGB_lag3/CHN_FS.AST.PRVT.GD.ZS.csv
Saved predictions to figures/Chapter5/predictions/Rolling_XGB_lag3/CHN_NE.IMP.GNFS.ZS.csv
Saved predictions to figures/Chapter5/predictions/Rolling_XGB_lag3/CHN_NY.GDP.MKTP.CD.csv
Saved predictions to figures/Chapter5/predictions/Rolling_XGB_lag3/CHN_NE.EXP.GNFS.ZS.csv
Saved predictions to figures/Chapter5/predictions/Rolling_XGB_lag3/CHN_NY.GDP.MKTP.KD.ZG.csv
Saved predictions to figures/Chapter5/predictions/Rolling_XGB_lag3/CHN_EN.ATM.GHGT.KT.CE.csv
Saved predictions to figures/Chapter5/predictions/Rolling_XGB_lag3/DEU_SP.DYN.LE00.IN.csv
Saved predictions to figures/Chapter5/predictions/Rolling_XGB_lag3/DEU_SP.URB.TOTL.IN.ZS.csv
Saved predictions to figures/Chapter5/predictions/Rolling_XGB_lag3/DEU_NV.AGR.TOTL.ZS.csv
Saved predictions to figures/Chapter5/predictions/Rolling_XGB_lag3/DEU_EG.USE.PCAP.KG.OE.csv
Saved predictions to figures/Chapter5/predictions/Rolling_XGB_lag3/DEU_FS.AST.PRVT.GD.ZS.csv
Saved predictions to figures/Chapter5/predictions/Rolling_XGB_lag3/DEU_NE.IMP.GNFS.ZS.csv
Saved predictions to figures/Chapter5/predictions/Rolling_XGB_lag3/DEU_NY.GDP.MKTP.CD.csv
Saved predictions to figures/Chapter5/predictions/Rolling_XGB_lag3/DEU_NE.EXP.GNFS.ZS.csv
Saved predictions to figures/Chapter5/predictions/Rolling_XGB_lag3/DEU_NY.GDP.MKTP.KD.ZG.csv
Saved predictions to figures/Chapter5/predictions/Rolling_XGB_lag3/DEU_EN.ATM.GHGT.KT.CE.csv
Saved predictions to figures/Chapter5/predictions/Rolling_XGB_lag3/EUU_SP.DYN.LE00.IN.csv
Saved predictions to figures/Chapter5/predictions/Rolling_XGB_lag3/EUU_SP.URB.TOTL.IN.ZS.csv
Saved predictions to figures/Chapter5/predictions/Rolling_XGB_lag3/EUU_NV.AGR.TOTL.ZS.csv
Saved predictions to figures/Chapter5/predictions/Rolling_XGB_lag3/EUU_EG.USE.PCAP.KG.OE.csv
Saved predictions to figures/Chapter5/predictions/Rolling_XGB_lag3/EUU_FS.AST.PRVT.GD.ZS.csv
Saved predictions to figures/Chapter5/predictions/Rolling_XGB_lag3/EUU_NE.IMP.GNFS.ZS.csv
Saved predictions to figures/Chapter5/predictions/Rolling_XGB_lag3/EUU_NY.GDP.MKTP.CD.csv
Saved predictions to figures/Chapter5/predictions/Rolling_XGB_lag3/EUU_NE.EXP.GNFS.ZS.csv
Saved predictions to figures/Chapter5/predictions/Rolling_XGB_lag3/EUU_NY.GDP.MKTP.KD.ZG.csv
Saved predictions to figures/Chapter5/predictions/Rolling_XGB_lag3/EUU_EN.ATM.GHGT.KT.CE.csv
Saved predictions to figures/Chapter5/predictions/Rolling_XGB_lag3/FRA_SP.DYN.LE00.IN.csv
Saved predictions to figures/Chapter5/predictions/Rolling_XGB_lag3/FRA_SP.URB.TOTL.IN.ZS.csv
Saved predictions to figures/Chapter5/predictions/Rolling_XGB_lag3/FRA_NV.AGR.TOTL.ZS.csv
Saved predictions to figures/Chapter5/predictions/Rolling_XGB_lag3/FRA_EG.USE.PCAP.KG.OE.csv
Saved predictions to figures/Chapter5/predictions/Rolling_XGB_lag3/FRA_FS.AST.PRVT.GD.ZS.csv
Saved predictions to figures/Chapter5/predictions/Rolling_XGB_lag3/FRA_NE.IMP.GNFS.ZS.csv
Saved predictions to figures/Chapter5/predictions/Rolling_XGB_lag3/FRA_NY.GDP.MKTP.CD.csv
Saved predictions to figures/Chapter5/predictions/Rolling_XGB_lag3/FRA_NE.EXP.GNFS.ZS.csv
Saved predictions to figures/Chapter5/predictions/Rolling_XGB_lag3/FRA_NY.GDP.MKTP.KD.ZG.csv
Saved predictions to figures/Chapter5/predictions/Rolling_XGB_lag3/FRA_EN.ATM.GHGT.KT.CE.csv
Saved predictions to figures/Chapter5/predictions/Rolling_XGB_lag3/GBR_SP.DYN.LE00.IN.csv
Saved predictions to figures/Chapter5/predictions/Rolling_XGB_lag3/GBR_SP.URB.TOTL.IN.ZS.csv
Saved predictions to figures/Chapter5/predictions/Rolling_XGB_lag3/GBR_NV.AGR.TOTL.ZS.csv
Saved predictions to figures/Chapter5/predictions/Rolling_XGB_lag3/GBR_EG.USE.PCAP.KG.OE.csv
Saved predictions to figures/Chapter5/predictions/Rolling_XGB_lag3/GBR_FS.AST.PRVT.GD.ZS.csv
Saved predictions to figures/Chapter5/predictions/Rolling_XGB_lag3/GBR_NE.IMP.GNFS.ZS.csv
Saved predictions to figures/Chapter5/predictions/Rolling_XGB_lag3/GBR_NY.GDP.MKTP.CD.csv
Saved predictions to figures/Chapter5/predictions/Rolling_XGB_lag3/GBR_NE.EXP.GNFS.ZS.csv
Saved predictions to figures/Chapter5/predictions/Rolling_XGB_lag3/GBR_NY.GDP.MKTP.KD.ZG.csv
Saved predictions to figures/Chapter5/predictions/Rolling_XGB_lag3/GBR_EN.ATM.GHGT.KT.CE.csv
Saved predictions to figures/Chapter5/predictions/Rolling_XGB_lag3/IDN_SP.DYN.LE00.IN.csv
Saved predictions to figures/Chapter5/predictions/Rolling_XGB_lag3/IDN_SP.URB.TOTL.IN.ZS.csv
Saved predictions to figures/Chapter5/predictions/Rolling_XGB_lag3/IDN_NV.AGR.TOTL.ZS.csv
Saved predictions to figures/Chapter5/predictions/Rolling_XGB_lag3/IDN_EG.USE.PCAP.KG.OE.csv
Saved predictions to figures/Chapter5/predictions/Rolling_XGB_lag3/IDN_FS.AST.PRVT.GD.ZS.csv
Saved predictions to figures/Chapter5/predictions/Rolling_XGB_lag3/IDN_NE.IMP.GNFS.ZS.csv
Saved predictions to figures/Chapter5/predictions/Rolling_XGB_lag3/IDN_NY.GDP.MKTP.CD.csv
Saved predictions to figures/Chapter5/predictions/Rolling_XGB_lag3/IDN_NE.EXP.GNFS.ZS.csv
Saved predictions to figures/Chapter5/predictions/Rolling_XGB_lag3/IDN_NY.GDP.MKTP.KD.ZG.csv
Saved predictions to figures/Chapter5/predictions/Rolling_XGB_lag3/IDN_EN.ATM.GHGT.KT.CE.csv
Saved predictions to figures/Chapter5/predictions/Rolling_XGB_lag3/IND_SP.DYN.LE00.IN.csv
Saved predictions to figures/Chapter5/predictions/Rolling_XGB_lag3/IND_SP.URB.TOTL.IN.ZS.csv
Saved predictions to figures/Chapter5/predictions/Rolling_XGB_lag3/IND_NV.AGR.TOTL.ZS.csv
Saved predictions to figures/Chapter5/predictions/Rolling_XGB_lag3/IND_EG.USE.PCAP.KG.OE.csv
Saved predictions to figures/Chapter5/predictions/Rolling_XGB_lag3/IND_FS.AST.PRVT.GD.ZS.csv
Saved predictions to figures/Chapter5/predictions/Rolling_XGB_lag3/IND_NE.IMP.GNFS.ZS.csv
Saved predictions to figures/Chapter5/predictions/Rolling_XGB_lag3/IND_NY.GDP.MKTP.CD.csv
Saved predictions to figures/Chapter5/predictions/Rolling_XGB_lag3/IND_NE.EXP.GNFS.ZS.csv
Saved predictions to figures/Chapter5/predictions/Rolling_XGB_lag3/IND_NY.GDP.MKTP.KD.ZG.csv
Saved predictions to figures/Chapter5/predictions/Rolling_XGB_lag3/IND_EN.ATM.GHGT.KT.CE.csv
Saved predictions to figures/Chapter5/predictions/Rolling_XGB_lag3/ITA_SP.DYN.LE00.IN.csv
Saved predictions to figures/Chapter5/predictions/Rolling_XGB_lag3/ITA_SP.URB.TOTL.IN.ZS.csv
Saved predictions to figures/Chapter5/predictions/Rolling_XGB_lag3/ITA_NV.AGR.TOTL.ZS.csv
Saved predictions to figures/Chapter5/predictions/Rolling_XGB_lag3/ITA_EG.USE.PCAP.KG.OE.csv
Saved predictions to figures/Chapter5/predictions/Rolling_XGB_lag3/ITA_FS.AST.PRVT.GD.ZS.csv
Saved predictions to figures/Chapter5/predictions/Rolling_XGB_lag3/ITA_NE.IMP.GNFS.ZS.csv
Saved predictions to figures/Chapter5/predictions/Rolling_XGB_lag3/ITA_NY.GDP.MKTP.CD.csv
Saved predictions to figures/Chapter5/predictions/Rolling_XGB_lag3/ITA_NE.EXP.GNFS.ZS.csv
Saved predictions to figures/Chapter5/predictions/Rolling_XGB_lag3/ITA_NY.GDP.MKTP.KD.ZG.csv
Saved predictions to figures/Chapter5/predictions/Rolling_XGB_lag3/ITA_EN.ATM.GHGT.KT.CE.csv
Saved predictions to figures/Chapter5/predictions/Rolling_XGB_lag3/JPN_SP.DYN.LE00.IN.csv
Saved predictions to figures/Chapter5/predictions/Rolling_XGB_lag3/JPN_SP.URB.TOTL.IN.ZS.csv
Saved predictions to figures/Chapter5/predictions/Rolling_XGB_lag3/JPN_NV.AGR.TOTL.ZS.csv
Saved predictions to figures/Chapter5/predictions/Rolling_XGB_lag3/JPN_EG.USE.PCAP.KG.OE.csv
Saved predictions to figures/Chapter5/predictions/Rolling_XGB_lag3/JPN_FS.AST.PRVT.GD.ZS.csv
Saved predictions to figures/Chapter5/predictions/Rolling_XGB_lag3/JPN_NE.IMP.GNFS.ZS.csv
Saved predictions to figures/Chapter5/predictions/Rolling_XGB_lag3/JPN_NY.GDP.MKTP.CD.csv
Saved predictions to figures/Chapter5/predictions/Rolling_XGB_lag3/JPN_NE.EXP.GNFS.ZS.csv
Saved predictions to figures/Chapter5/predictions/Rolling_XGB_lag3/JPN_NY.GDP.MKTP.KD.ZG.csv
Saved predictions to figures/Chapter5/predictions/Rolling_XGB_lag3/JPN_EN.ATM.GHGT.KT.CE.csv
Saved predictions to figures/Chapter5/predictions/Rolling_XGB_lag3/KOR_SP.DYN.LE00.IN.csv
Saved predictions to figures/Chapter5/predictions/Rolling_XGB_lag3/KOR_SP.URB.TOTL.IN.ZS.csv
Saved predictions to figures/Chapter5/predictions/Rolling_XGB_lag3/KOR_NV.AGR.TOTL.ZS.csv
Saved predictions to figures/Chapter5/predictions/Rolling_XGB_lag3/KOR_EG.USE.PCAP.KG.OE.csv
Saved predictions to figures/Chapter5/predictions/Rolling_XGB_lag3/KOR_FS.AST.PRVT.GD.ZS.csv
Saved predictions to figures/Chapter5/predictions/Rolling_XGB_lag3/KOR_NE.IMP.GNFS.ZS.csv
Saved predictions to figures/Chapter5/predictions/Rolling_XGB_lag3/KOR_NY.GDP.MKTP.CD.csv
Saved predictions to figures/Chapter5/predictions/Rolling_XGB_lag3/KOR_NE.EXP.GNFS.ZS.csv
Saved predictions to figures/Chapter5/predictions/Rolling_XGB_lag3/KOR_NY.GDP.MKTP.KD.ZG.csv
Saved predictions to figures/Chapter5/predictions/Rolling_XGB_lag3/KOR_EN.ATM.GHGT.KT.CE.csv
Saved predictions to figures/Chapter5/predictions/Rolling_XGB_lag3/MEX_SP.DYN.LE00.IN.csv
Saved predictions to figures/Chapter5/predictions/Rolling_XGB_lag3/MEX_SP.URB.TOTL.IN.ZS.csv
Saved predictions to figures/Chapter5/predictions/Rolling_XGB_lag3/MEX_NV.AGR.TOTL.ZS.csv
Saved predictions to figures/Chapter5/predictions/Rolling_XGB_lag3/MEX_EG.USE.PCAP.KG.OE.csv
Saved predictions to figures/Chapter5/predictions/Rolling_XGB_lag3/MEX_FS.AST.PRVT.GD.ZS.csv
Saved predictions to figures/Chapter5/predictions/Rolling_XGB_lag3/MEX_NE.IMP.GNFS.ZS.csv
Saved predictions to figures/Chapter5/predictions/Rolling_XGB_lag3/MEX_NY.GDP.MKTP.CD.csv
Saved predictions to figures/Chapter5/predictions/Rolling_XGB_lag3/MEX_NE.EXP.GNFS.ZS.csv
Saved predictions to figures/Chapter5/predictions/Rolling_XGB_lag3/MEX_NY.GDP.MKTP.KD.ZG.csv
Saved predictions to figures/Chapter5/predictions/Rolling_XGB_lag3/MEX_EN.ATM.GHGT.KT.CE.csv
Saved predictions to figures/Chapter5/predictions/Rolling_XGB_lag3/RUS_SP.DYN.LE00.IN.csv
Saved predictions to figures/Chapter5/predictions/Rolling_XGB_lag3/RUS_SP.URB.TOTL.IN.ZS.csv
Saved predictions to figures/Chapter5/predictions/Rolling_XGB_lag3/RUS_NV.AGR.TOTL.ZS.csv
Saved predictions to figures/Chapter5/predictions/Rolling_XGB_lag3/RUS_EG.USE.PCAP.KG.OE.csv
Saved predictions to figures/Chapter5/predictions/Rolling_XGB_lag3/RUS_FS.AST.PRVT.GD.ZS.csv
Saved predictions to figures/Chapter5/predictions/Rolling_XGB_lag3/RUS_NE.IMP.GNFS.ZS.csv
Saved predictions to figures/Chapter5/predictions/Rolling_XGB_lag3/RUS_NY.GDP.MKTP.CD.csv
Saved predictions to figures/Chapter5/predictions/Rolling_XGB_lag3/RUS_NE.EXP.GNFS.ZS.csv
Saved predictions to figures/Chapter5/predictions/Rolling_XGB_lag3/RUS_NY.GDP.MKTP.KD.ZG.csv
Saved predictions to figures/Chapter5/predictions/Rolling_XGB_lag3/RUS_EN.ATM.GHGT.KT.CE.csv
Saved predictions to figures/Chapter5/predictions/Rolling_XGB_lag3/SAU_SP.DYN.LE00.IN.csv
Saved predictions to figures/Chapter5/predictions/Rolling_XGB_lag3/SAU_SP.URB.TOTL.IN.ZS.csv
Saved predictions to figures/Chapter5/predictions/Rolling_XGB_lag3/SAU_NV.AGR.TOTL.ZS.csv
Saved predictions to figures/Chapter5/predictions/Rolling_XGB_lag3/SAU_EG.USE.PCAP.KG.OE.csv
Saved predictions to figures/Chapter5/predictions/Rolling_XGB_lag3/SAU_FS.AST.PRVT.GD.ZS.csv
Saved predictions to figures/Chapter5/predictions/Rolling_XGB_lag3/SAU_NE.IMP.GNFS.ZS.csv
Saved predictions to figures/Chapter5/predictions/Rolling_XGB_lag3/SAU_NY.GDP.MKTP.CD.csv
Saved predictions to figures/Chapter5/predictions/Rolling_XGB_lag3/SAU_NE.EXP.GNFS.ZS.csv
Saved predictions to figures/Chapter5/predictions/Rolling_XGB_lag3/SAU_NY.GDP.MKTP.KD.ZG.csv
Saved predictions to figures/Chapter5/predictions/Rolling_XGB_lag3/SAU_EN.ATM.GHGT.KT.CE.csv
Saved predictions to figures/Chapter5/predictions/Rolling_XGB_lag3/TUR_SP.DYN.LE00.IN.csv
Saved predictions to figures/Chapter5/predictions/Rolling_XGB_lag3/TUR_SP.URB.TOTL.IN.ZS.csv
Saved predictions to figures/Chapter5/predictions/Rolling_XGB_lag3/TUR_NV.AGR.TOTL.ZS.csv
Saved predictions to figures/Chapter5/predictions/Rolling_XGB_lag3/TUR_EG.USE.PCAP.KG.OE.csv
Saved predictions to figures/Chapter5/predictions/Rolling_XGB_lag3/TUR_FS.AST.PRVT.GD.ZS.csv
Saved predictions to figures/Chapter5/predictions/Rolling_XGB_lag3/TUR_NE.IMP.GNFS.ZS.csv
Saved predictions to figures/Chapter5/predictions/Rolling_XGB_lag3/TUR_NY.GDP.MKTP.CD.csv
Saved predictions to figures/Chapter5/predictions/Rolling_XGB_lag3/TUR_NE.EXP.GNFS.ZS.csv
Saved predictions to figures/Chapter5/predictions/Rolling_XGB_lag3/TUR_NY.GDP.MKTP.KD.ZG.csv
Saved predictions to figures/Chapter5/predictions/Rolling_XGB_lag3/TUR_EN.ATM.GHGT.KT.CE.csv
Saved predictions to figures/Chapter5/predictions/Rolling_XGB_lag3/USA_SP.DYN.LE00.IN.csv
Saved predictions to figures/Chapter5/predictions/Rolling_XGB_lag3/USA_SP.URB.TOTL.IN.ZS.csv
Saved predictions to figures/Chapter5/predictions/Rolling_XGB_lag3/USA_NV.AGR.TOTL.ZS.csv
Saved predictions to figures/Chapter5/predictions/Rolling_XGB_lag3/USA_EG.USE.PCAP.KG.OE.csv
Saved predictions to figures/Chapter5/predictions/Rolling_XGB_lag3/USA_FS.AST.PRVT.GD.ZS.csv
Saved predictions to figures/Chapter5/predictions/Rolling_XGB_lag3/USA_NE.IMP.GNFS.ZS.csv
Saved predictions to figures/Chapter5/predictions/Rolling_XGB_lag3/USA_NY.GDP.MKTP.CD.csv
Saved predictions to figures/Chapter5/predictions/Rolling_XGB_lag3/USA_NE.EXP.GNFS.ZS.csv
Saved predictions to figures/Chapter5/predictions/Rolling_XGB_lag3/USA_NY.GDP.MKTP.KD.ZG.csv
Saved predictions to figures/Chapter5/predictions/Rolling_XGB_lag3/USA_EN.ATM.GHGT.KT.CE.csv
Saved predictions to figures/Chapter5/predictions/Rolling_XGB_lag3/ZAF_SP.DYN.LE00.IN.csv
Saved predictions to figures/Chapter5/predictions/Rolling_XGB_lag3/ZAF_SP.URB.TOTL.IN.ZS.csv
Saved predictions to figures/Chapter5/predictions/Rolling_XGB_lag3/ZAF_NV.AGR.TOTL.ZS.csv
Saved predictions to figures/Chapter5/predictions/Rolling_XGB_lag3/ZAF_EG.USE.PCAP.KG.OE.csv
Saved predictions to figures/Chapter5/predictions/Rolling_XGB_lag3/ZAF_FS.AST.PRVT.GD.ZS.csv
Saved predictions to figures/Chapter5/predictions/Rolling_XGB_lag3/ZAF_NE.IMP.GNFS.ZS.csv
Saved predictions to figures/Chapter5/predictions/Rolling_XGB_lag3/ZAF_NY.GDP.MKTP.CD.csv
Saved predictions to figures/Chapter5/predictions/Rolling_XGB_lag3/ZAF_NE.EXP.GNFS.ZS.csv
Saved predictions to figures/Chapter5/predictions/Rolling_XGB_lag3/ZAF_NY.GDP.MKTP.KD.ZG.csv
Saved predictions to figures/Chapter5/predictions/Rolling_XGB_lag3/ZAF_EN.ATM.GHGT.KT.CE.csv
