/opt/anaconda3/lib/python3.12/site-packages/sklearn/linear_model/_ridge.py:216: LinAlgWarning: Ill-conditioned matrix (rcond=1.01942e-24): result may not be accurate.
  return linalg.solve(A, Xy, assume_a="pos", overwrite_a=True).T
/opt/anaconda3/lib/python3.12/site-packages/sklearn/linear_model/_ridge.py:216: LinAlgWarning: Ill-conditioned matrix (rcond=1.1756e-24): result may not be accurate.
  return linalg.solve(A, Xy, assume_a="pos", overwrite_a=True).T
/opt/anaconda3/lib/python3.12/site-packages/sklearn/linear_model/_ridge.py:216: LinAlgWarning: Ill-conditioned matrix (rcond=1.40734e-24): result may not be accurate.
  return linalg.solve(A, Xy, assume_a="pos", overwrite_a=True).T
/opt/anaconda3/lib/python3.12/site-packages/sklearn/linear_model/_ridge.py:216: LinAlgWarning: Ill-conditioned matrix (rcond=1.28629e-24): result may not be accurate.
  return linalg.solve(A, Xy, assume_a="pos", overwrite_a=True).T
/opt/anaconda3/lib/python3.12/site-packages/sklearn/linear_model/_ridge.py:216: LinAlgWarning: Ill-conditioned matrix (rcond=1.45538e-24): result may not be accurate.
  return linalg.solve(A, Xy, assume_a="pos", overwrite_a=True).T
/opt/anaconda3/lib/python3.12/site-packages/sklearn/linear_model/_ridge.py:216: LinAlgWarning: Ill-conditioned matrix (rcond=8.34143e-25): result may not be accurate.
  return linalg.solve(A, Xy, assume_a="pos", overwrite_a=True).T
/opt/anaconda3/lib/python3.12/site-packages/sklearn/linear_model/_ridge.py:216: LinAlgWarning: Ill-conditioned matrix (rcond=8.96378e-25): result may not be accurate.
  return linalg.solve(A, Xy, assume_a="pos", overwrite_a=True).T
/opt/anaconda3/lib/python3.12/site-packages/sklearn/linear_model/_ridge.py:216: LinAlgWarning: Ill-conditioned matrix (rcond=9.8968e-25): result may not be accurate.
  return linalg.solve(A, Xy, assume_a="pos", overwrite_a=True).T
/opt/anaconda3/lib/python3.12/site-packages/sklearn/linear_model/_ridge.py:216: LinAlgWarning: Ill-conditioned matrix (rcond=9.32477e-25): result may not be accurate.
  return linalg.solve(A, Xy, assume_a="pos", overwrite_a=True).T
/opt/anaconda3/lib/python3.12/site-packages/sklearn/linear_model/_ridge.py:216: LinAlgWarning: Ill-conditioned matrix (rcond=1.09867e-24): result may not be accurate.
  return linalg.solve(A, Xy, assume_a="pos", overwrite_a=True).T
/opt/anaconda3/lib/python3.12/site-packages/sklearn/linear_model/_ridge.py:216: LinAlgWarning: Ill-conditioned matrix (rcond=8.10156e-25): result may not be accurate.
  return linalg.solve(A, Xy, assume_a="pos", overwrite_a=True).T
/opt/anaconda3/lib/python3.12/site-packages/sklearn/linear_model/_ridge.py:216: LinAlgWarning: Ill-conditioned matrix (rcond=8.57998e-25): result may not be accurate.
  return linalg.solve(A, Xy, assume_a="pos", overwrite_a=True).T
/opt/anaconda3/lib/python3.12/site-packages/sklearn/linear_model/_ridge.py:216: LinAlgWarning: Ill-conditioned matrix (rcond=9.56123e-25): result may not be accurate.
  return linalg.solve(A, Xy, assume_a="pos", overwrite_a=True).T
/opt/anaconda3/lib/python3.12/site-packages/sklearn/linear_model/_ridge.py:216: LinAlgWarning: Ill-conditioned matrix (rcond=9.02527e-25): result may not be accurate.
  return linalg.solve(A, Xy, assume_a="pos", overwrite_a=True).T
/opt/anaconda3/lib/python3.12/site-packages/sklearn/linear_model/_ridge.py:216: LinAlgWarning: Ill-conditioned matrix (rcond=1.08049e-24): result may not be accurate.
  return linalg.solve(A, Xy, assume_a="pos", overwrite_a=True).T
/opt/anaconda3/lib/python3.12/site-packages/sklearn/linear_model/_ridge.py:216: LinAlgWarning: Ill-conditioned matrix (rcond=7.99944e-25): result may not be accurate.
  return linalg.solve(A, Xy, assume_a="pos", overwrite_a=True).T
/opt/anaconda3/lib/python3.12/site-packages/sklearn/linear_model/_ridge.py:216: LinAlgWarning: Ill-conditioned matrix (rcond=1.16272e-24): result may not be accurate.
  return linalg.solve(A, Xy, assume_a="pos", overwrite_a=True).T
/opt/anaconda3/lib/python3.12/site-packages/sklearn/linear_model/_ridge.py:216: LinAlgWarning: Ill-conditioned matrix (rcond=9.40026e-25): result may not be accurate.
  return linalg.solve(A, Xy, assume_a="pos", overwrite_a=True).T
/opt/anaconda3/lib/python3.12/site-packages/sklearn/linear_model/_ridge.py:216: LinAlgWarning: Ill-conditioned matrix (rcond=8.91645e-25): result may not be accurate.
  return linalg.solve(A, Xy, assume_a="pos", overwrite_a=True).T
/opt/anaconda3/lib/python3.12/site-packages/sklearn/linear_model/_ridge.py:216: LinAlgWarning: Ill-conditioned matrix (rcond=1.45449e-24): result may not be accurate.
  return linalg.solve(A, Xy, assume_a="pos", overwrite_a=True).T
/opt/anaconda3/lib/python3.12/site-packages/sklearn/linear_model/_ridge.py:216: LinAlgWarning: Ill-conditioned matrix (rcond=8.04457e-25): result may not be accurate.
  return linalg.solve(A, Xy, assume_a="pos", overwrite_a=True).T
/opt/anaconda3/lib/python3.12/site-packages/sklearn/linear_model/_ridge.py:216: LinAlgWarning: Ill-conditioned matrix (rcond=8.52919e-25): result may not be accurate.
  return linalg.solve(A, Xy, assume_a="pos", overwrite_a=True).T
/opt/anaconda3/lib/python3.12/site-packages/sklearn/linear_model/_ridge.py:216: LinAlgWarning: Ill-conditioned matrix (rcond=9.45252e-25): result may not be accurate.
  return linalg.solve(A, Xy, assume_a="pos", overwrite_a=True).T
/opt/anaconda3/lib/python3.12/site-packages/sklearn/linear_model/_ridge.py:216: LinAlgWarning: Ill-conditioned matrix (rcond=8.95966e-25): result may not be accurate.
  return linalg.solve(A, Xy, assume_a="pos", overwrite_a=True).T
/opt/anaconda3/lib/python3.12/site-packages/sklearn/linear_model/_ridge.py:216: LinAlgWarning: Ill-conditioned matrix (rcond=1.06506e-24): result may not be accurate.
  return linalg.solve(A, Xy, assume_a="pos", overwrite_a=True).T
/opt/anaconda3/lib/python3.12/site-packages/sklearn/linear_model/_ridge.py:216: LinAlgWarning: Ill-conditioned matrix (rcond=1.37924e-24): result may not be accurate.
  return linalg.solve(A, Xy, assume_a="pos", overwrite_a=True).T
/opt/anaconda3/lib/python3.12/site-packages/sklearn/linear_model/_ridge.py:216: LinAlgWarning: Ill-conditioned matrix (rcond=1.16928e-24): result may not be accurate.
  return linalg.solve(A, Xy, assume_a="pos", overwrite_a=True).T
/opt/anaconda3/lib/python3.12/site-packages/sklearn/linear_model/_ridge.py:216: LinAlgWarning: Ill-conditioned matrix (rcond=1.42209e-24): result may not be accurate.
  return linalg.solve(A, Xy, assume_a="pos", overwrite_a=True).T
/opt/anaconda3/lib/python3.12/site-packages/sklearn/linear_model/_ridge.py:216: LinAlgWarning: Ill-conditioned matrix (rcond=1.31164e-24): result may not be accurate.
  return linalg.solve(A, Xy, assume_a="pos", overwrite_a=True).T
/opt/anaconda3/lib/python3.12/site-packages/sklearn/linear_model/_ridge.py:216: LinAlgWarning: Ill-conditioned matrix (rcond=1.49114e-24): result may not be accurate.
  return linalg.solve(A, Xy, assume_a="pos", overwrite_a=True).T
/opt/anaconda3/lib/python3.12/site-packages/sklearn/linear_model/_ridge.py:216: LinAlgWarning: Ill-conditioned matrix (rcond=1.42712e-24): result may not be accurate.
  return linalg.solve(A, Xy, assume_a="pos", overwrite_a=True).T
/opt/anaconda3/lib/python3.12/site-packages/sklearn/linear_model/_ridge.py:216: LinAlgWarning: Ill-conditioned matrix (rcond=1.18522e-24): result may not be accurate.
  return linalg.solve(A, Xy, assume_a="pos", overwrite_a=True).T
/opt/anaconda3/lib/python3.12/site-packages/sklearn/linear_model/_ridge.py:216: LinAlgWarning: Ill-conditioned matrix (rcond=1.5064e-24): result may not be accurate.
  return linalg.solve(A, Xy, assume_a="pos", overwrite_a=True).T
/opt/anaconda3/lib/python3.12/site-packages/sklearn/linear_model/_ridge.py:216: LinAlgWarning: Ill-conditioned matrix (rcond=1.34963e-24): result may not be accurate.
  return linalg.solve(A, Xy, assume_a="pos", overwrite_a=True).T
/opt/anaconda3/lib/python3.12/site-packages/sklearn/linear_model/_ridge.py:216: LinAlgWarning: Ill-conditioned matrix (rcond=1.56431e-24): result may not be accurate.
  return linalg.solve(A, Xy, assume_a="pos", overwrite_a=True).T
/opt/anaconda3/lib/python3.12/site-packages/sklearn/linear_model/_ridge.py:216: LinAlgWarning: Ill-conditioned matrix (rcond=8.36706e-25): result may not be accurate.
  return linalg.solve(A, Xy, assume_a="pos", overwrite_a=True).T
/opt/anaconda3/lib/python3.12/site-packages/sklearn/linear_model/_ridge.py:216: LinAlgWarning: Ill-conditioned matrix (rcond=1.16575e-24): result may not be accurate.
  return linalg.solve(A, Xy, assume_a="pos", overwrite_a=True).T
/opt/anaconda3/lib/python3.12/site-packages/sklearn/linear_model/_ridge.py:216: LinAlgWarning: Ill-conditioned matrix (rcond=1.01387e-24): result may not be accurate.
  return linalg.solve(A, Xy, assume_a="pos", overwrite_a=True).T
/opt/anaconda3/lib/python3.12/site-packages/sklearn/linear_model/_ridge.py:216: LinAlgWarning: Ill-conditioned matrix (rcond=9.72548e-25): result may not be accurate.
  return linalg.solve(A, Xy, assume_a="pos", overwrite_a=True).T
/opt/anaconda3/lib/python3.12/site-packages/sklearn/linear_model/_ridge.py:216: LinAlgWarning: Ill-conditioned matrix (rcond=1.46256e-24): result may not be accurate.
  return linalg.solve(A, Xy, assume_a="pos", overwrite_a=True).T
/opt/anaconda3/lib/python3.12/site-packages/sklearn/linear_model/_ridge.py:216: LinAlgWarning: Ill-conditioned matrix (rcond=8.14972e-25): result may not be accurate.
  return linalg.solve(A, Xy, assume_a="pos", overwrite_a=True).T
/opt/anaconda3/lib/python3.12/site-packages/sklearn/linear_model/_ridge.py:216: LinAlgWarning: Ill-conditioned matrix (rcond=1.21891e-24): result may not be accurate.
  return linalg.solve(A, Xy, assume_a="pos", overwrite_a=True).T
/opt/anaconda3/lib/python3.12/site-packages/sklearn/linear_model/_ridge.py:216: LinAlgWarning: Ill-conditioned matrix (rcond=9.58686e-25): result may not be accurate.
  return linalg.solve(A, Xy, assume_a="pos", overwrite_a=True).T
/opt/anaconda3/lib/python3.12/site-packages/sklearn/linear_model/_ridge.py:216: LinAlgWarning: Ill-conditioned matrix (rcond=9.04557e-25): result may not be accurate.
  return linalg.solve(A, Xy, assume_a="pos", overwrite_a=True).T
/opt/anaconda3/lib/python3.12/site-packages/sklearn/linear_model/_ridge.py:216: LinAlgWarning: Ill-conditioned matrix (rcond=1.08344e-24): result may not be accurate.
  return linalg.solve(A, Xy, assume_a="pos", overwrite_a=True).T
/opt/anaconda3/lib/python3.12/site-packages/sklearn/linear_model/_coordinate_descent.py:697: ConvergenceWarning: Objective did not converge. You might want to increase the number of iterations, check the scale of the features or consider increasing regularisation. Duality gap: 1.837e+27, tolerance: 8.826e+23
  model = cd_fast.enet_coordinate_descent(
/opt/anaconda3/lib/python3.12/site-packages/sklearn/linear_model/_coordinate_descent.py:697: ConvergenceWarning: Objective did not converge. You might want to increase the number of iterations, check the scale of the features or consider increasing regularisation. Duality gap: 1.949e+27, tolerance: 9.656e+23
  model = cd_fast.enet_coordinate_descent(
/opt/anaconda3/lib/python3.12/site-packages/sklearn/linear_model/_coordinate_descent.py:697: ConvergenceWarning: Objective did not converge. You might want to increase the number of iterations, check the scale of the features or consider increasing regularisation. Duality gap: 1.892e+27, tolerance: 8.914e+23
  model = cd_fast.enet_coordinate_descent(
/opt/anaconda3/lib/python3.12/site-packages/sklearn/linear_model/_coordinate_descent.py:697: ConvergenceWarning: Objective did not converge. You might want to increase the number of iterations, check the scale of the features or consider increasing regularisation. Duality gap: 1.995e+27, tolerance: 9.288e+23
  model = cd_fast.enet_coordinate_descent(
/opt/anaconda3/lib/python3.12/site-packages/sklearn/linear_model/_coordinate_descent.py:697: ConvergenceWarning: Objective did not converge. You might want to increase the number of iterations, check the scale of the features or consider increasing regularisation. Duality gap: 1.749e+27, tolerance: 8.097e+23
  model = cd_fast.enet_coordinate_descent(
/opt/anaconda3/lib/python3.12/site-packages/sklearn/linear_model/_coordinate_descent.py:697: ConvergenceWarning: Objective did not converge. You might want to increase the number of iterations, check the scale of the features or consider increasing regularisation. Duality gap: 7.822e+14, tolerance: 3.495e+11
  model = cd_fast.enet_coordinate_descent(
/opt/anaconda3/lib/python3.12/site-packages/sklearn/linear_model/_coordinate_descent.py:697: ConvergenceWarning: Objective did not converge. You might want to increase the number of iterations, check the scale of the features or consider increasing regularisation. Duality gap: 1.013e+09, tolerance: 4.526e+05
  model = cd_fast.enet_coordinate_descent(
/opt/anaconda3/lib/python3.12/site-packages/sklearn/linear_model/_coordinate_descent.py:697: ConvergenceWarning: Objective did not converge. You might want to increase the number of iterations, check the scale of the features or consider increasing regularisation. Duality gap: 1.835e+27, tolerance: 8.826e+23
  model = cd_fast.enet_coordinate_descent(
/opt/anaconda3/lib/python3.12/site-packages/sklearn/linear_model/_coordinate_descent.py:697: ConvergenceWarning: Objective did not converge. You might want to increase the number of iterations, check the scale of the features or consider increasing regularisation. Duality gap: 1.949e+27, tolerance: 9.656e+23
  model = cd_fast.enet_coordinate_descent(
/opt/anaconda3/lib/python3.12/site-packages/sklearn/linear_model/_coordinate_descent.py:697: ConvergenceWarning: Objective did not converge. You might want to increase the number of iterations, check the scale of the features or consider increasing regularisation. Duality gap: 1.892e+27, tolerance: 8.914e+23
  model = cd_fast.enet_coordinate_descent(
/opt/anaconda3/lib/python3.12/site-packages/sklearn/linear_model/_coordinate_descent.py:697: ConvergenceWarning: Objective did not converge. You might want to increase the number of iterations, check the scale of the features or consider increasing regularisation. Duality gap: 1.994e+27, tolerance: 9.288e+23
  model = cd_fast.enet_coordinate_descent(
/opt/anaconda3/lib/python3.12/site-packages/sklearn/linear_model/_coordinate_descent.py:697: ConvergenceWarning: Objective did not converge. You might want to increase the number of iterations, check the scale of the features or consider increasing regularisation. Duality gap: 1.751e+27, tolerance: 8.097e+23
  model = cd_fast.enet_coordinate_descent(
/opt/anaconda3/lib/python3.12/site-packages/sklearn/linear_model/_coordinate_descent.py:697: ConvergenceWarning: Objective did not converge. You might want to increase the number of iterations, check the scale of the features or consider increasing regularisation. Duality gap: 7.278e+14, tolerance: 3.395e+11
  model = cd_fast.enet_coordinate_descent(
/opt/anaconda3/lib/python3.12/site-packages/sklearn/linear_model/_ridge.py:216: LinAlgWarning: Ill-conditioned matrix (rcond=6.2442e-26): result may not be accurate.
  return linalg.solve(A, Xy, assume_a="pos", overwrite_a=True).T
/opt/anaconda3/lib/python3.12/site-packages/sklearn/linear_model/_ridge.py:216: LinAlgWarning: Ill-conditioned matrix (rcond=6.93342e-26): result may not be accurate.
  return linalg.solve(A, Xy, assume_a="pos", overwrite_a=True).T
/opt/anaconda3/lib/python3.12/site-packages/sklearn/linear_model/_ridge.py:216: LinAlgWarning: Ill-conditioned matrix (rcond=5.84324e-26): result may not be accurate.
  return linalg.solve(A, Xy, assume_a="pos", overwrite_a=True).T
/opt/anaconda3/lib/python3.12/site-packages/sklearn/linear_model/_ridge.py:216: LinAlgWarning: Ill-conditioned matrix (rcond=7.23707e-26): result may not be accurate.
  return linalg.solve(A, Xy, assume_a="pos", overwrite_a=True).T
/opt/anaconda3/lib/python3.12/site-packages/sklearn/linear_model/_ridge.py:216: LinAlgWarning: Ill-conditioned matrix (rcond=8.19192e-26): result may not be accurate.
  return linalg.solve(A, Xy, assume_a="pos", overwrite_a=True).T
/opt/anaconda3/lib/python3.12/site-packages/sklearn/linear_model/_ridge.py:216: LinAlgWarning: Ill-conditioned matrix (rcond=1.13591e-25): result may not be accurate.
  return linalg.solve(A, Xy, assume_a="pos", overwrite_a=True).T
/opt/anaconda3/lib/python3.12/site-packages/sklearn/linear_model/_ridge.py:216: LinAlgWarning: Ill-conditioned matrix (rcond=1.21408e-25): result may not be accurate.
  return linalg.solve(A, Xy, assume_a="pos", overwrite_a=True).T
/opt/anaconda3/lib/python3.12/site-packages/sklearn/linear_model/_ridge.py:216: LinAlgWarning: Ill-conditioned matrix (rcond=1.3442e-25): result may not be accurate.
  return linalg.solve(A, Xy, assume_a="pos", overwrite_a=True).T
/opt/anaconda3/lib/python3.12/site-packages/sklearn/linear_model/_ridge.py:216: LinAlgWarning: Ill-conditioned matrix (rcond=1.5157e-25): result may not be accurate.
  return linalg.solve(A, Xy, assume_a="pos", overwrite_a=True).T
/opt/anaconda3/lib/python3.12/site-packages/sklearn/linear_model/_ridge.py:216: LinAlgWarning: Ill-conditioned matrix (rcond=1.59765e-25): result may not be accurate.
  return linalg.solve(A, Xy, assume_a="pos", overwrite_a=True).T
/opt/anaconda3/lib/python3.12/site-packages/sklearn/linear_model/_ridge.py:216: LinAlgWarning: Ill-conditioned matrix (rcond=1.98361e-25): result may not be accurate.
  return linalg.solve(A, Xy, assume_a="pos", overwrite_a=True).T
/opt/anaconda3/lib/python3.12/site-packages/sklearn/linear_model/_ridge.py:216: LinAlgWarning: Ill-conditioned matrix (rcond=1.2952e-25): result may not be accurate.
  return linalg.solve(A, Xy, assume_a="pos", overwrite_a=True).T
/opt/anaconda3/lib/python3.12/site-packages/sklearn/linear_model/_ridge.py:216: LinAlgWarning: Ill-conditioned matrix (rcond=1.85308e-25): result may not be accurate.
  return linalg.solve(A, Xy, assume_a="pos", overwrite_a=True).T
/opt/anaconda3/lib/python3.12/site-packages/sklearn/linear_model/_ridge.py:216: LinAlgWarning: Ill-conditioned matrix (rcond=1.99869e-25): result may not be accurate.
  return linalg.solve(A, Xy, assume_a="pos", overwrite_a=True).T
/opt/anaconda3/lib/python3.12/site-packages/sklearn/linear_model/_ridge.py:216: LinAlgWarning: Ill-conditioned matrix (rcond=2.17383e-25): result may not be accurate.
  return linalg.solve(A, Xy, assume_a="pos", overwrite_a=True).T
/opt/anaconda3/lib/python3.12/site-packages/sklearn/linear_model/_ridge.py:216: LinAlgWarning: Ill-conditioned matrix (rcond=5.87565e-26): result may not be accurate.
  return linalg.solve(A, Xy, assume_a="pos", overwrite_a=True).T
/opt/anaconda3/lib/python3.12/site-packages/sklearn/linear_model/_ridge.py:216: LinAlgWarning: Ill-conditioned matrix (rcond=6.12952e-26): result may not be accurate.
  return linalg.solve(A, Xy, assume_a="pos", overwrite_a=True).T
/opt/anaconda3/lib/python3.12/site-packages/sklearn/linear_model/_ridge.py:216: LinAlgWarning: Ill-conditioned matrix (rcond=4.94142e-26): result may not be accurate.
  return linalg.solve(A, Xy, assume_a="pos", overwrite_a=True).T
/opt/anaconda3/lib/python3.12/site-packages/sklearn/linear_model/_ridge.py:216: LinAlgWarning: Ill-conditioned matrix (rcond=6.36947e-26): result may not be accurate.
  return linalg.solve(A, Xy, assume_a="pos", overwrite_a=True).T
/opt/anaconda3/lib/python3.12/site-packages/sklearn/linear_model/_ridge.py:216: LinAlgWarning: Ill-conditioned matrix (rcond=7.18998e-26): result may not be accurate.
  return linalg.solve(A, Xy, assume_a="pos", overwrite_a=True).T
/opt/anaconda3/lib/python3.12/site-packages/sklearn/linear_model/_ridge.py:216: LinAlgWarning: Ill-conditioned matrix (rcond=8.59416e-26): result may not be accurate.
  return linalg.solve(A, Xy, assume_a="pos", overwrite_a=True).T
/opt/anaconda3/lib/python3.12/site-packages/sklearn/linear_model/_ridge.py:216: LinAlgWarning: Ill-conditioned matrix (rcond=9.49778e-26): result may not be accurate.
  return linalg.solve(A, Xy, assume_a="pos", overwrite_a=True).T
/opt/anaconda3/lib/python3.12/site-packages/sklearn/linear_model/_ridge.py:216: LinAlgWarning: Ill-conditioned matrix (rcond=7.35229e-26): result may not be accurate.
  return linalg.solve(A, Xy, assume_a="pos", overwrite_a=True).T
/opt/anaconda3/lib/python3.12/site-packages/sklearn/linear_model/_ridge.py:216: LinAlgWarning: Ill-conditioned matrix (rcond=9.83745e-26): result may not be accurate.
  return linalg.solve(A, Xy, assume_a="pos", overwrite_a=True).T
/opt/anaconda3/lib/python3.12/site-packages/sklearn/linear_model/_ridge.py:216: LinAlgWarning: Ill-conditioned matrix (rcond=1.11122e-25): result may not be accurate.
  return linalg.solve(A, Xy, assume_a="pos", overwrite_a=True).T
/opt/anaconda3/lib/python3.12/site-packages/sklearn/linear_model/_ridge.py:216: LinAlgWarning: Ill-conditioned matrix (rcond=5.97997e-26): result may not be accurate.
  return linalg.solve(A, Xy, assume_a="pos", overwrite_a=True).T
/opt/anaconda3/lib/python3.12/site-packages/sklearn/linear_model/_ridge.py:216: LinAlgWarning: Ill-conditioned matrix (rcond=6.44961e-26): result may not be accurate.
  return linalg.solve(A, Xy, assume_a="pos", overwrite_a=True).T
/opt/anaconda3/lib/python3.12/site-packages/sklearn/linear_model/_ridge.py:216: LinAlgWarning: Ill-conditioned matrix (rcond=5.084e-26): result may not be accurate.
  return linalg.solve(A, Xy, assume_a="pos", overwrite_a=True).T
/opt/anaconda3/lib/python3.12/site-packages/sklearn/linear_model/_ridge.py:216: LinAlgWarning: Ill-conditioned matrix (rcond=6.49901e-26): result may not be accurate.
  return linalg.solve(A, Xy, assume_a="pos", overwrite_a=True).T
/opt/anaconda3/lib/python3.12/site-packages/sklearn/linear_model/_ridge.py:216: LinAlgWarning: Ill-conditioned matrix (rcond=7.27727e-26): result may not be accurate.
  return linalg.solve(A, Xy, assume_a="pos", overwrite_a=True).T
/opt/anaconda3/lib/python3.12/site-packages/sklearn/linear_model/_ridge.py:216: LinAlgWarning: Ill-conditioned matrix (rcond=6.56935e-26): result may not be accurate.
  return linalg.solve(A, Xy, assume_a="pos", overwrite_a=True).T
/opt/anaconda3/lib/python3.12/site-packages/sklearn/linear_model/_ridge.py:216: LinAlgWarning: Ill-conditioned matrix (rcond=6.96457e-26): result may not be accurate.
  return linalg.solve(A, Xy, assume_a="pos", overwrite_a=True).T
/opt/anaconda3/lib/python3.12/site-packages/sklearn/linear_model/_ridge.py:216: LinAlgWarning: Ill-conditioned matrix (rcond=5.26198e-26): result may not be accurate.
  return linalg.solve(A, Xy, assume_a="pos", overwrite_a=True).T
/opt/anaconda3/lib/python3.12/site-packages/sklearn/linear_model/_ridge.py:216: LinAlgWarning: Ill-conditioned matrix (rcond=6.74065e-26): result may not be accurate.
  return linalg.solve(A, Xy, assume_a="pos", overwrite_a=True).T
/opt/anaconda3/lib/python3.12/site-packages/sklearn/linear_model/_ridge.py:216: LinAlgWarning: Ill-conditioned matrix (rcond=7.90829e-26): result may not be accurate.
  return linalg.solve(A, Xy, assume_a="pos", overwrite_a=True).T
/opt/anaconda3/lib/python3.12/site-packages/sklearn/linear_model/_ridge.py:216: LinAlgWarning: Ill-conditioned matrix (rcond=6.94877e-26): result may not be accurate.
  return linalg.solve(A, Xy, assume_a="pos", overwrite_a=True).T
/opt/anaconda3/lib/python3.12/site-packages/sklearn/linear_model/_ridge.py:216: LinAlgWarning: Ill-conditioned matrix (rcond=6.4926e-26): result may not be accurate.
  return linalg.solve(A, Xy, assume_a="pos", overwrite_a=True).T
/opt/anaconda3/lib/python3.12/site-packages/sklearn/linear_model/_ridge.py:216: LinAlgWarning: Ill-conditioned matrix (rcond=6.09667e-26): result may not be accurate.
  return linalg.solve(A, Xy, assume_a="pos", overwrite_a=True).T
/opt/anaconda3/lib/python3.12/site-packages/sklearn/linear_model/_ridge.py:216: LinAlgWarning: Ill-conditioned matrix (rcond=6.75888e-26): result may not be accurate.
  return linalg.solve(A, Xy, assume_a="pos", overwrite_a=True).T
/opt/anaconda3/lib/python3.12/site-packages/sklearn/linear_model/_ridge.py:216: LinAlgWarning: Ill-conditioned matrix (rcond=7.77544e-26): result may not be accurate.
  return linalg.solve(A, Xy, assume_a="pos", overwrite_a=True).T
/opt/anaconda3/lib/python3.12/site-packages/sklearn/linear_model/_ridge.py:216: LinAlgWarning: Ill-conditioned matrix (rcond=5.96582e-26): result may not be accurate.
  return linalg.solve(A, Xy, assume_a="pos", overwrite_a=True).T
/opt/anaconda3/lib/python3.12/site-packages/sklearn/linear_model/_ridge.py:216: LinAlgWarning: Ill-conditioned matrix (rcond=6.43839e-26): result may not be accurate.
  return linalg.solve(A, Xy, assume_a="pos", overwrite_a=True).T
/opt/anaconda3/lib/python3.12/site-packages/sklearn/linear_model/_ridge.py:216: LinAlgWarning: Ill-conditioned matrix (rcond=4.9644e-26): result may not be accurate.
  return linalg.solve(A, Xy, assume_a="pos", overwrite_a=True).T
/opt/anaconda3/lib/python3.12/site-packages/sklearn/linear_model/_ridge.py:216: LinAlgWarning: Ill-conditioned matrix (rcond=6.32308e-26): result may not be accurate.
  return linalg.solve(A, Xy, assume_a="pos", overwrite_a=True).T
/opt/anaconda3/lib/python3.12/site-packages/sklearn/linear_model/_ridge.py:216: LinAlgWarning: Ill-conditioned matrix (rcond=7.22471e-26): result may not be accurate.
  return linalg.solve(A, Xy, assume_a="pos", overwrite_a=True).T
/opt/anaconda3/lib/python3.12/site-packages/sklearn/linear_model/_coordinate_descent.py:697: ConvergenceWarning: Objective did not converge. You might want to increase the number of iterations, check the scale of the features or consider increasing regularisation. Duality gap: 7.188e+26, tolerance: 4.434e+23
  model = cd_fast.enet_coordinate_descent(
/opt/anaconda3/lib/python3.12/site-packages/sklearn/linear_model/_coordinate_descent.py:697: ConvergenceWarning: Objective did not converge. You might want to increase the number of iterations, check the scale of the features or consider increasing regularisation. Duality gap: 7.354e+26, tolerance: 4.452e+23
  model = cd_fast.enet_coordinate_descent(
/opt/anaconda3/lib/python3.12/site-packages/sklearn/linear_model/_coordinate_descent.py:697: ConvergenceWarning: Objective did not converge. You might want to increase the number of iterations, check the scale of the features or consider increasing regularisation. Duality gap: 7.362e+26, tolerance: 4.351e+23
  model = cd_fast.enet_coordinate_descent(
/opt/anaconda3/lib/python3.12/site-packages/sklearn/linear_model/_coordinate_descent.py:697: ConvergenceWarning: Objective did not converge. You might want to increase the number of iterations, check the scale of the features or consider increasing regularisation. Duality gap: 7.227e+26, tolerance: 4.339e+23
  model = cd_fast.enet_coordinate_descent(
/opt/anaconda3/lib/python3.12/site-packages/sklearn/linear_model/_coordinate_descent.py:697: ConvergenceWarning: Objective did not converge. You might want to increase the number of iterations, check the scale of the features or consider increasing regularisation. Duality gap: 6.621e+26, tolerance: 3.768e+23
  model = cd_fast.enet_coordinate_descent(
/opt/anaconda3/lib/python3.12/site-packages/sklearn/linear_model/_coordinate_descent.py:697: ConvergenceWarning: Objective did not converge. You might want to increase the number of iterations, check the scale of the features or consider increasing regularisation. Duality gap: 1.739e+14, tolerance: 1.405e+11
  model = cd_fast.enet_coordinate_descent(
/opt/anaconda3/lib/python3.12/site-packages/sklearn/linear_model/_coordinate_descent.py:697: ConvergenceWarning: Objective did not converge. You might want to increase the number of iterations, check the scale of the features or consider increasing regularisation. Duality gap: 1.707e+14, tolerance: 1.366e+11
  model = cd_fast.enet_coordinate_descent(
/opt/anaconda3/lib/python3.12/site-packages/sklearn/linear_model/_coordinate_descent.py:697: ConvergenceWarning: Objective did not converge. You might want to increase the number of iterations, check the scale of the features or consider increasing regularisation. Duality gap: 1.441e+14, tolerance: 1.044e+11
  model = cd_fast.enet_coordinate_descent(
/opt/anaconda3/lib/python3.12/site-packages/sklearn/linear_model/_coordinate_descent.py:697: ConvergenceWarning: Objective did not converge. You might want to increase the number of iterations, check the scale of the features or consider increasing regularisation. Duality gap: 7.199e+26, tolerance: 4.434e+23
  model = cd_fast.enet_coordinate_descent(
/opt/anaconda3/lib/python3.12/site-packages/sklearn/linear_model/_coordinate_descent.py:697: ConvergenceWarning: Objective did not converge. You might want to increase the number of iterations, check the scale of the features or consider increasing regularisation. Duality gap: 7.364e+26, tolerance: 4.452e+23
  model = cd_fast.enet_coordinate_descent(
/opt/anaconda3/lib/python3.12/site-packages/sklearn/linear_model/_coordinate_descent.py:697: ConvergenceWarning: Objective did not converge. You might want to increase the number of iterations, check the scale of the features or consider increasing regularisation. Duality gap: 7.369e+26, tolerance: 4.351e+23
  model = cd_fast.enet_coordinate_descent(
/opt/anaconda3/lib/python3.12/site-packages/sklearn/linear_model/_coordinate_descent.py:697: ConvergenceWarning: Objective did not converge. You might want to increase the number of iterations, check the scale of the features or consider increasing regularisation. Duality gap: 7.231e+26, tolerance: 4.339e+23
  model = cd_fast.enet_coordinate_descent(
/opt/anaconda3/lib/python3.12/site-packages/sklearn/linear_model/_coordinate_descent.py:697: ConvergenceWarning: Objective did not converge. You might want to increase the number of iterations, check the scale of the features or consider increasing regularisation. Duality gap: 6.634e+26, tolerance: 3.768e+23
  model = cd_fast.enet_coordinate_descent(
/opt/anaconda3/lib/python3.12/site-packages/sklearn/linear_model/_coordinate_descent.py:697: ConvergenceWarning: Objective did not converge. You might want to increase the number of iterations, check the scale of the features or consider increasing regularisation. Duality gap: 1.710e+14, tolerance: 1.366e+11
  model = cd_fast.enet_coordinate_descent(
/opt/anaconda3/lib/python3.12/site-packages/sklearn/linear_model/_coordinate_descent.py:697: ConvergenceWarning: Objective did not converge. You might want to increase the number of iterations, check the scale of the features or consider increasing regularisation. Duality gap: 1.444e+14, tolerance: 1.044e+11
  model = cd_fast.enet_coordinate_descent(
Saved figure to /Users/tianhaozhang/Desktop/XCountryOIRPrediction/figures/Chapter4/1960_2020_LR_metrics.png
Saved to /Users/tianhaozhang/Desktop/XCountryOIRPrediction/figures/Chapter4/1960_2020_LR_results.csv
Saved figure to /Users/tianhaozhang/Desktop/XCountryOIRPrediction/figures/Chapter4/1960_2020_LWR_metrics.png
Saved to /Users/tianhaozhang/Desktop/XCountryOIRPrediction/figures/Chapter4/1960_2020_LWR_results.csv
Saved figure to /Users/tianhaozhang/Desktop/XCountryOIRPrediction/figures/Chapter4/1960_2020_SVR_metrics.png
Saved to /Users/tianhaozhang/Desktop/XCountryOIRPrediction/figures/Chapter4/1960_2020_SVR_results.csv
Saved figure to /Users/tianhaozhang/Desktop/XCountryOIRPrediction/figures/Chapter4/1960_2020_Ridge_metrics.png
Saved to /Users/tianhaozhang/Desktop/XCountryOIRPrediction/figures/Chapter4/1960_2020_Ridge_results.csv
Saved figure to /Users/tianhaozhang/Desktop/XCountryOIRPrediction/figures/Chapter4/1960_2020_Lasso_metrics.png
Saved to /Users/tianhaozhang/Desktop/XCountryOIRPrediction/figures/Chapter4/1960_2020_Lasso_results.csv
Saved figure to /Users/tianhaozhang/Desktop/XCountryOIRPrediction/figures/Chapter4/1960_2020_ElasticNet_metrics.png
Saved to /Users/tianhaozhang/Desktop/XCountryOIRPrediction/figures/Chapter4/1960_2020_ElasticNet_results.csv
Saved figure to /Users/tianhaozhang/Desktop/XCountryOIRPrediction/figures/Chapter4/1960_2020_RF_metrics.png
Saved to /Users/tianhaozhang/Desktop/XCountryOIRPrediction/figures/Chapter4/1960_2020_RF_results.csv
Saved figure to /Users/tianhaozhang/Desktop/XCountryOIRPrediction/figures/Chapter4/1960_2020_KNN_metrics.png
Saved to /Users/tianhaozhang/Desktop/XCountryOIRPrediction/figures/Chapter4/1960_2020_KNN_results.csv
Saved figure to /Users/tianhaozhang/Desktop/XCountryOIRPrediction/figures/Chapter4/1960_2020_XGB_metrics.png
Saved to /Users/tianhaozhang/Desktop/XCountryOIRPrediction/figures/Chapter4/1960_2020_XGB_results.csv
Saved figure to /Users/tianhaozhang/Desktop/XCountryOIRPrediction/figures/Chapter4/2010_2020_LR_metrics.png
Saved to /Users/tianhaozhang/Desktop/XCountryOIRPrediction/figures/Chapter4/2010_2020_LR_results.csv
Saved figure to /Users/tianhaozhang/Desktop/XCountryOIRPrediction/figures/Chapter4/2010_2020_LWR_metrics.png
Saved to /Users/tianhaozhang/Desktop/XCountryOIRPrediction/figures/Chapter4/2010_2020_LWR_results.csv
Saved figure to /Users/tianhaozhang/Desktop/XCountryOIRPrediction/figures/Chapter4/2010_2020_SVR_metrics.png
Saved to /Users/tianhaozhang/Desktop/XCountryOIRPrediction/figures/Chapter4/2010_2020_SVR_results.csv
Saved figure to /Users/tianhaozhang/Desktop/XCountryOIRPrediction/figures/Chapter4/2010_2020_Ridge_metrics.png
Saved to /Users/tianhaozhang/Desktop/XCountryOIRPrediction/figures/Chapter4/2010_2020_Ridge_results.csv
Saved figure to /Users/tianhaozhang/Desktop/XCountryOIRPrediction/figures/Chapter4/2010_2020_Lasso_metrics.png
Saved to /Users/tianhaozhang/Desktop/XCountryOIRPrediction/figures/Chapter4/2010_2020_Lasso_results.csv
Saved figure to /Users/tianhaozhang/Desktop/XCountryOIRPrediction/figures/Chapter4/2010_2020_ElasticNet_metrics.png
Saved to /Users/tianhaozhang/Desktop/XCountryOIRPrediction/figures/Chapter4/2010_2020_ElasticNet_results.csv
Saved figure to /Users/tianhaozhang/Desktop/XCountryOIRPrediction/figures/Chapter4/2010_2020_RF_metrics.png
Saved to /Users/tianhaozhang/Desktop/XCountryOIRPrediction/figures/Chapter4/2010_2020_RF_results.csv
Saved figure to /Users/tianhaozhang/Desktop/XCountryOIRPrediction/figures/Chapter4/2010_2020_KNN_metrics.png
Saved to /Users/tianhaozhang/Desktop/XCountryOIRPrediction/figures/Chapter4/2010_2020_KNN_results.csv
Saved figure to /Users/tianhaozhang/Desktop/XCountryOIRPrediction/figures/Chapter4/2010_2020_XGB_metrics.png
Saved to /Users/tianhaozhang/Desktop/XCountryOIRPrediction/figures/Chapter4/2010_2020_XGB_results.csv
